INFO 2025-08-30 00:06:30,170 autoreload 11512 13544 Watching for file changes with StatReloader
WARNING 2025-08-30 00:06:33,835 basehttp 11512 17276 "GET / HTTP/1.1" 404 2518
WARNING 2025-08-30 00:06:34,879 basehttp 11512 17276 "GET /favicon.ico HTTP/1.1" 404 2569
INFO 2025-08-30 00:07:01,199 basehttp 11512 17276 "GET /admin HTTP/1.1" 301 0
INFO 2025-08-30 00:07:01,218 basehttp 11512 20608 "GET /admin/ HTTP/1.1" 302 0
INFO 2025-08-30 00:07:01,381 basehttp 11512 20608 "GET /admin/login/?next=/admin/ HTTP/1.1" 200 4178
INFO 2025-08-30 00:07:01,559 basehttp 11512 20608 "GET /static/admin/css/base.css HTTP/1.1" 200 21207
INFO 2025-08-30 00:07:01,582 basehttp 11512 20608 "GET /static/admin/js/nav_sidebar.js HTTP/1.1" 200 3063
INFO 2025-08-30 00:07:01,606 basehttp 11512 5524 "GET /static/admin/js/theme.js HTTP/1.1" 200 1943
INFO 2025-08-30 00:07:01,609 basehttp 11512 25236 "GET /static/admin/css/dark_mode.css HTTP/1.1" 200 2929
INFO 2025-08-30 00:07:01,611 basehttp 11512 20572 "GET /static/admin/css/login.css HTTP/1.1" 200 958
INFO 2025-08-30 00:07:01,613 basehttp 11512 24624 "GET /static/admin/css/nav_sidebar.css HTTP/1.1" 200 2694
INFO 2025-08-30 00:07:01,616 basehttp 11512 24220 "GET /static/admin/css/responsive.css HTTP/1.1" 200 18533
INFO 2025-08-30 00:07:20,951 basehttp 11512 24220 "POST /admin/login/?next=/admin/ HTTP/1.1" 302 0
INFO 2025-08-30 00:07:21,030 basehttp 11512 24220 "GET /admin/ HTTP/1.1" 200 7880
INFO 2025-08-30 00:07:21,068 basehttp 11512 24220 "GET /static/admin/css/dashboard.css HTTP/1.1" 200 441
INFO 2025-08-30 00:07:21,110 basehttp 11512 24220 "GET /static/admin/img/icon-addlink.svg HTTP/1.1" 200 331
INFO 2025-08-30 00:07:21,110 basehttp 11512 24624 "GET /static/admin/img/icon-changelink.svg HTTP/1.1" 200 380
INFO 2025-08-30 00:07:24,979 basehttp 11512 24624 "GET /admin/doctors/doctor/add/ HTTP/1.1" 200 20936
INFO 2025-08-30 00:07:25,022 basehttp 11512 24624 "GET /static/admin/css/forms.css HTTP/1.1" 200 9047
INFO 2025-08-30 00:07:25,050 basehttp 11512 5524 "GET /static/admin/js/jquery.init.js HTTP/1.1" 200 347
INFO 2025-08-30 00:07:25,050 basehttp 11512 25236 "GET /static/admin/js/collapse.js HTTP/1.1" 200 1803
INFO 2025-08-30 00:07:25,053 basehttp 11512 20608 "GET /static/admin/js/core.js HTTP/1.1" 200 5682
INFO 2025-08-30 00:07:25,083 basehttp 11512 5524 "GET /static/admin/css/widgets.css HTTP/1.1" 200 11900
INFO 2025-08-30 00:07:25,089 basehttp 11512 24624 "GET /static/admin/js/admin/RelatedObjectLookups.js HTTP/1.1" 200 8943
INFO 2025-08-30 00:07:25,097 basehttp 11512 24220 "GET /admin/jsi18n/ HTTP/1.1" 200 3343
INFO 2025-08-30 00:07:25,100 basehttp 11512 20608 "GET /static/admin/js/urlify.js HTTP/1.1" 200 7887
INFO 2025-08-30 00:07:25,107 basehttp 11512 25236 "GET /static/admin/js/actions.js HTTP/1.1" 200 7872
INFO 2025-08-30 00:07:25,115 basehttp 11512 5524 "GET /static/admin/js/prepopulate.js HTTP/1.1" 200 1531
INFO 2025-08-30 00:07:25,117 basehttp 11512 24220 "GET /static/admin/img/icon-viewlink.svg HTTP/1.1" 200 581
INFO 2025-08-30 00:07:25,118 basehttp 11512 20572 "GET /static/admin/js/vendor/jquery/jquery.js HTTP/1.1" 200 292458
INFO 2025-08-30 00:07:25,128 basehttp 11512 20608 "GET /static/admin/js/prepopulate_init.js HTTP/1.1" 200 586
INFO 2025-08-30 00:07:25,149 basehttp 11512 20608 "GET /static/admin/js/change_form.js HTTP/1.1" 200 606
INFO 2025-08-30 00:07:25,171 basehttp 11512 24624 "GET /static/admin/js/vendor/xregexp/xregexp.js HTTP/1.1" 200 232381
INFO 2025-08-30 00:07:27,075 basehttp 11512 24624 "GET /admin/ HTTP/1.1" 200 7880
INFO 2025-08-30 00:07:42,113 basehttp 11512 24624 "POST /admin/logout/ HTTP/1.1" 200 3576
INFO 2025-08-30 00:07:44,816 basehttp 11512 24624 "GET /admin/ HTTP/1.1" 302 0
INFO 2025-08-30 00:07:44,825 basehttp 11512 24624 "GET /admin/login/?next=/admin/ HTTP/1.1" 200 4178
INFO 2025-08-30 00:08:21,582 basehttp 11512 24624 "POST /admin/login/?next=/admin/ HTTP/1.1" 302 0
INFO 2025-08-30 00:08:21,659 basehttp 11512 24624 "GET /admin/ HTTP/1.1" 200 7880
INFO 2025-08-30 00:08:50,459 basehttp 11512 24624 "GET /admin/patients/patient/add/ HTTP/1.1" 200 19403
INFO 2025-08-30 00:08:50,529 basehttp 11512 24624 "GET /static/admin/js/calendar.js HTTP/1.1" 200 8466
INFO 2025-08-30 00:08:50,529 basehttp 11512 20608 "GET /static/admin/js/admin/DateTimeShortcuts.js HTTP/1.1" 200 19319
INFO 2025-08-30 00:08:50,568 basehttp 11512 20572 "GET /admin/jsi18n/ HTTP/1.1" 200 3343
INFO 2025-08-30 00:08:50,696 basehttp 11512 20572 "GET /static/admin/img/icon-calendar.svg HTTP/1.1" 200 1086
INFO 2025-08-30 00:09:27,465 basehttp 11512 20572 "GET /static/admin/img/calendar-icons.svg HTTP/1.1" 200 1094
ERROR 2025-08-30 00:10:05,757 basehttp 11512 20572 "POST /admin/patients/patient/add/ HTTP/1.1" 500 198211
INFO 2025-08-30 00:10:31,516 basehttp 11512 20572 "GET /admin/patients/patient/add/ HTTP/1.1" 200 19403
INFO 2025-08-30 00:10:35,279 basehttp 11512 20572 "GET /admin/ HTTP/1.1" 200 7880
INFO 2025-08-30 00:10:35,304 basehttp 11512 20572 "GET /static/admin/css/base.css HTTP/1.1" 304 0
INFO 2025-08-30 00:10:35,306 basehttp 11512 24220 "GET /static/admin/css/dashboard.css HTTP/1.1" 304 0
INFO 2025-08-30 00:10:35,308 basehttp 11512 20608 "GET /static/admin/css/dark_mode.css HTTP/1.1" 304 0
INFO 2025-08-30 00:10:35,309 basehttp 11512 24624 "GET /static/admin/css/nav_sidebar.css HTTP/1.1" 304 0
INFO 2025-08-30 00:10:35,310 basehttp 11512 5524 "GET /static/admin/css/responsive.css HTTP/1.1" 304 0
INFO 2025-08-30 00:10:35,327 basehttp 11512 24624 "GET /static/admin/js/nav_sidebar.js HTTP/1.1" 304 0
INFO 2025-08-30 00:10:35,327 basehttp 11512 5524 "GET /static/admin/js/theme.js HTTP/1.1" 304 0
INFO 2025-08-30 00:10:35,335 basehttp 11512 5524 "GET /static/admin/img/icon-changelink.svg HTTP/1.1" 304 0
INFO 2025-08-30 00:10:37,422 basehttp 11512 5524 "GET /admin/accounts/user/ HTTP/1.1" 200 13082
INFO 2025-08-30 00:10:37,453 basehttp 11512 20608 "GET /static/admin/js/vendor/jquery/jquery.js HTTP/1.1" 304 0
INFO 2025-08-30 00:10:37,453 basehttp 11512 20572 "GET /static/admin/js/core.js HTTP/1.1" 304 0
INFO 2025-08-30 00:10:37,453 basehttp 11512 24220 "GET /static/admin/js/jquery.init.js HTTP/1.1" 304 0
INFO 2025-08-30 00:10:37,454 basehttp 11512 25236 "GET /static/admin/js/admin/RelatedObjectLookups.js HTTP/1.1" 304 0
INFO 2025-08-30 00:10:37,461 basehttp 11512 25236 "GET /static/admin/js/vendor/xregexp/xregexp.js HTTP/1.1" 304 0
INFO 2025-08-30 00:10:37,462 basehttp 11512 24220 "GET /static/admin/js/prepopulate.js HTTP/1.1" 304 0
INFO 2025-08-30 00:10:37,462 basehttp 11512 20608 "GET /static/admin/js/actions.js HTTP/1.1" 304 0
INFO 2025-08-30 00:10:37,463 basehttp 11512 20572 "GET /static/admin/js/urlify.js HTTP/1.1" 304 0
INFO 2025-08-30 00:10:37,466 basehttp 11512 5524 "GET /static/admin/css/changelists.css HTTP/1.1" 200 6566
INFO 2025-08-30 00:10:37,488 basehttp 11512 20572 "GET /static/admin/img/search.svg HTTP/1.1" 200 458
INFO 2025-08-30 00:10:37,488 basehttp 11512 20608 "GET /static/admin/img/icon-yes.svg HTTP/1.1" 200 436
INFO 2025-08-30 00:10:37,520 basehttp 11512 20608 "GET /static/admin/js/filters.js HTTP/1.1" 200 978
INFO 2025-08-30 00:10:37,598 basehttp 11512 24624 "GET /admin/jsi18n/ HTTP/1.1" 200 3343
INFO 2025-08-30 00:10:37,622 basehttp 11512 24624 "GET /static/admin/img/tooltag-add.svg HTTP/1.1" 200 331
INFO 2025-08-30 00:10:37,626 basehttp 11512 20608 "GET /static/admin/img/sorting-icons.svg HTTP/1.1" 200 1097
WARNING 2025-08-30 00:10:53,186 basehttp 11512 20608 "GET / HTTP/1.1" 404 2518
INFO 2025-08-30 00:10:55,034 basehttp 11512 20608 "GET /admin/accounts/user/ HTTP/1.1" 200 13082
INFO 2025-08-30 00:11:05,440 basehttp 11512 20608 "GET /admin/patients/patient/add/ HTTP/1.1" 200 19403
INFO 2025-08-30 00:11:05,477 basehttp 11512 20608 "GET /static/admin/css/forms.css HTTP/1.1" 304 0
INFO 2025-08-30 00:11:05,477 basehttp 11512 20572 "GET /static/admin/js/collapse.js HTTP/1.1" 304 0
INFO 2025-08-30 00:11:05,481 basehttp 11512 5524 "GET /static/admin/img/icon-addlink.svg HTTP/1.1" 304 0
INFO 2025-08-30 00:11:05,489 basehttp 11512 5524 "GET /static/admin/img/icon-viewlink.svg HTTP/1.1" 304 0
INFO 2025-08-30 00:11:05,499 basehttp 11512 5524 "GET /static/admin/css/widgets.css HTTP/1.1" 304 0
INFO 2025-08-30 00:11:05,499 basehttp 11512 20572 "GET /static/admin/js/prepopulate_init.js HTTP/1.1" 304 0
INFO 2025-08-30 00:11:05,521 basehttp 11512 5524 "GET /static/admin/js/change_form.js HTTP/1.1" 304 0
INFO 2025-08-30 00:11:05,625 basehttp 11512 24624 "GET /admin/jsi18n/ HTTP/1.1" 200 3343
INFO 2025-08-30 00:11:07,199 basehttp 11512 24624 "GET /admin/doctors/doctor/add/ HTTP/1.1" 200 20936
INFO 2025-08-30 00:11:07,276 basehttp 11512 24624 "GET /admin/jsi18n/ HTTP/1.1" 200 3343
INFO 2025-08-30 00:12:18,043 basehttp 11512 24624 "GET /admin/accounts/user/ HTTP/1.1" 200 13082
INFO 2025-08-30 00:12:18,216 basehttp 11512 24624 "GET /admin/jsi18n/ HTTP/1.1" 200 3343
INFO 2025-08-30 00:12:18,498 basehttp 11512 24624 "GET /admin/accounts/user/add/ HTTP/1.1" 200 13175
INFO 2025-08-30 00:12:18,600 basehttp 11512 24624 "GET /admin/jsi18n/ HTTP/1.1" 200 3343
INFO 2025-08-30 00:12:19,874 basehttp 11512 24624 "GET /admin/accounts/user/add/ HTTP/1.1" 200 13175
INFO 2025-08-30 00:12:20,047 basehttp 11512 24624 "GET /admin/jsi18n/ HTTP/1.1" 200 3343
INFO 2025-08-30 00:12:21,664 basehttp 11512 24624 "GET /admin/accounts/user/ HTTP/1.1" 200 13082
INFO 2025-08-30 00:12:21,730 basehttp 11512 24624 "GET /admin/jsi18n/ HTTP/1.1" 200 3343
INFO 2025-08-30 00:12:25,248 basehttp 11512 24624 "GET /admin/accounts/user/add/ HTTP/1.1" 200 13175
INFO 2025-08-30 00:12:25,312 basehttp 11512 24624 "GET /admin/jsi18n/ HTTP/1.1" 200 3343
INFO 2025-08-30 00:12:58,301 basehttp 11512 24624 "POST /admin/accounts/user/add/ HTTP/1.1" 200 13415
INFO 2025-08-30 00:12:58,387 basehttp 11512 24624 "GET /admin/jsi18n/ HTTP/1.1" 200 3343
INFO 2025-08-30 00:13:14,021 basehttp 11512 24624 "POST /admin/accounts/user/add/ HTTP/1.1" 302 0
INFO 2025-08-30 00:13:14,145 basehttp 11512 24624 "GET /admin/accounts/user/2/change/ HTTP/1.1" 200 24895
INFO 2025-08-30 00:13:14,171 basehttp 11512 24220 "GET /static/admin/js/admin/DateTimeShortcuts.js HTTP/1.1" 304 0
INFO 2025-08-30 00:13:14,171 basehttp 11512 20608 "GET /static/admin/js/calendar.js HTTP/1.1" 304 0
INFO 2025-08-30 00:13:14,199 basehttp 11512 5524 "GET /static/admin/js/SelectBox.js HTTP/1.1" 200 4530
INFO 2025-08-30 00:13:14,200 basehttp 11512 20572 "GET /static/admin/js/SelectFilter2.js HTTP/1.1" 200 15292
INFO 2025-08-30 00:13:14,216 basehttp 11512 24624 "GET /admin/jsi18n/ HTTP/1.1" 200 3343
INFO 2025-08-30 00:13:14,300 basehttp 11512 24220 "GET /static/admin/img/icon-calendar.svg HTTP/1.1" 304 0
INFO 2025-08-30 00:13:14,313 basehttp 11512 24624 "GET /static/admin/img/icon-unknown.svg HTTP/1.1" 200 655
INFO 2025-08-30 00:13:14,313 basehttp 11512 20572 "GET /static/admin/img/icon-unknown-alt.svg HTTP/1.1" 200 655
INFO 2025-08-30 00:13:14,313 basehttp 11512 20608 "GET /static/admin/img/icon-clock.svg HTTP/1.1" 200 677
INFO 2025-08-30 00:13:14,316 basehttp 11512 5524 "GET /static/admin/img/selector-icons.svg HTTP/1.1" 200 3291
INFO 2025-08-30 00:14:18,737 basehttp 11512 5524 "GET /admin/accounts/user/2/change/ HTTP/1.1" 200 24635
INFO 2025-08-30 00:14:18,757 basehttp 11512 5524 "GET /static/admin/css/base.css HTTP/1.1" 304 0
INFO 2025-08-30 00:14:18,767 basehttp 11512 5524 "GET /static/admin/css/dark_mode.css HTTP/1.1" 304 0
INFO 2025-08-30 00:14:18,768 basehttp 11512 20608 "GET /static/admin/css/nav_sidebar.css HTTP/1.1" 304 0
INFO 2025-08-30 00:14:18,769 basehttp 11512 24220 "GET /static/admin/js/vendor/jquery/jquery.js HTTP/1.1" 304 0
INFO 2025-08-30 00:14:18,769 basehttp 11512 20572 "GET /static/admin/css/forms.css HTTP/1.1" 304 0
INFO 2025-08-30 00:14:18,771 basehttp 11512 25236 "GET /static/admin/js/jquery.init.js HTTP/1.1" 304 0
INFO 2025-08-30 00:14:18,774 basehttp 11512 5524 "GET /static/admin/css/responsive.css HTTP/1.1" 304 0
INFO 2025-08-30 00:14:18,778 basehttp 11512 20608 "GET /static/admin/js/core.js HTTP/1.1" 304 0
INFO 2025-08-30 00:14:18,779 basehttp 11512 24220 "GET /static/admin/js/admin/RelatedObjectLookups.js HTTP/1.1" 304 0
INFO 2025-08-30 00:14:18,782 basehttp 11512 20572 "GET /static/admin/js/actions.js HTTP/1.1" 304 0
INFO 2025-08-30 00:14:18,783 basehttp 11512 25236 "GET /static/admin/js/urlify.js HTTP/1.1" 304 0
INFO 2025-08-30 00:14:18,785 basehttp 11512 20608 "GET /static/admin/js/vendor/xregexp/xregexp.js HTTP/1.1" 304 0
INFO 2025-08-30 00:14:18,787 basehttp 11512 5524 "GET /static/admin/js/prepopulate.js HTTP/1.1" 304 0
INFO 2025-08-30 00:14:18,788 basehttp 11512 24220 "GET /static/admin/js/prepopulate_init.js HTTP/1.1" 304 0
INFO 2025-08-30 00:14:18,788 basehttp 11512 20572 "GET /static/admin/img/icon-addlink.svg HTTP/1.1" 304 0
INFO 2025-08-30 00:14:18,815 basehttp 11512 24624 "GET /admin/jsi18n/ HTTP/1.1" 200 3343
INFO 2025-08-30 00:14:19,003 basehttp 11512 24624 "GET /static/admin/css/widgets.css HTTP/1.1" 304 0
INFO 2025-08-30 00:14:19,009 basehttp 11512 24624 "GET /static/admin/js/theme.js HTTP/1.1" 304 0
INFO 2025-08-30 00:14:19,011 basehttp 11512 20572 "GET /static/admin/js/nav_sidebar.js HTTP/1.1" 304 0
INFO 2025-08-30 00:14:19,017 basehttp 11512 20572 "GET /static/admin/js/change_form.js HTTP/1.1" 304 0
INFO 2025-08-30 00:14:19,154 basehttp 11512 20572 "GET /static/admin/img/search.svg HTTP/1.1" 304 0
INFO 2025-08-30 00:14:22,060 basehttp 11512 20572 "GET /admin/accounts/user/ HTTP/1.1" 200 13626
INFO 2025-08-30 00:14:22,087 basehttp 11512 20572 "GET /static/admin/css/changelists.css HTTP/1.1" 304 0
INFO 2025-08-30 00:14:22,087 basehttp 11512 5524 "GET /static/admin/img/icon-yes.svg HTTP/1.1" 304 0
INFO 2025-08-30 00:14:22,100 basehttp 11512 24624 "GET /static/admin/img/icon-no.svg HTTP/1.1" 200 560
INFO 2025-08-30 00:14:22,103 basehttp 11512 24624 "GET /static/admin/js/filters.js HTTP/1.1" 304 0
INFO 2025-08-30 00:14:22,131 basehttp 11512 24220 "GET /admin/jsi18n/ HTTP/1.1" 200 3343
INFO 2025-08-30 00:14:22,142 basehttp 11512 24220 "GET /static/admin/img/tooltag-add.svg HTTP/1.1" 304 0
INFO 2025-08-30 00:14:22,142 basehttp 11512 24624 "GET /static/admin/img/sorting-icons.svg HTTP/1.1" 304 0
INFO 2025-08-30 00:14:34,987 basehttp 11512 24624 "GET /admin/accounts/user/?is_staff__exact=1 HTTP/1.1" 200 13745
INFO 2025-08-30 00:14:35,051 basehttp 11512 24624 "GET /admin/jsi18n/ HTTP/1.1" 200 3343
INFO 2025-08-30 00:14:37,873 basehttp 11512 24624 "GET /admin/accounts/user/?is_active__exact=0&is_staff__exact=1 HTTP/1.1" 200 11878
INFO 2025-08-30 00:14:37,936 basehttp 11512 24624 "GET /admin/jsi18n/ HTTP/1.1" 200 3343
INFO 2025-08-30 00:14:39,419 basehttp 11512 24624 "GET /admin/accounts/user/?is_active__exact=0&is_staff__exact=1 HTTP/1.1" 200 11878
INFO 2025-08-30 00:14:39,586 basehttp 11512 24624 "GET /admin/jsi18n/ HTTP/1.1" 200 3343
INFO 2025-08-30 00:14:39,893 basehttp 11512 24624 "GET /admin/accounts/user/?created_at__gte=2025-08-29+00%3A00%3A00%2B00%3A00&created_at__lt=2025-08-30+00%3A00%3A00%2B00%3A00&is_active__exact=0&is_staff__exact=1 HTTP/1.1" 200 12814
INFO 2025-08-30 00:14:39,957 basehttp 11512 24624 "GET /admin/jsi18n/ HTTP/1.1" 200 3343
INFO 2025-08-30 00:14:40,809 basehttp 11512 24624 "GET /admin/accounts/user/?created_at__gte=2025-08-29+00%3A00%3A00%2B00%3A00&created_at__lt=2025-08-30+00%3A00%3A00%2B00%3A00&is_active__exact=0&is_staff__exact=1 HTTP/1.1" 200 12814
INFO 2025-08-30 00:14:40,879 basehttp 11512 24624 "GET /admin/jsi18n/ HTTP/1.1" 200 3343
INFO 2025-08-30 00:14:41,732 basehttp 11512 24624 "GET /admin/accounts/user/?created_at__gte=2025-08-29+00%3A00%3A00%2B00%3A00&created_at__lt=2025-08-30+00%3A00%3A00%2B00%3A00&is_staff__exact=1 HTTP/1.1" 200 15659
INFO 2025-08-30 00:14:41,798 basehttp 11512 24624 "GET /admin/jsi18n/ HTTP/1.1" 200 3343
INFO 2025-08-30 00:14:42,404 basehttp 11512 24624 "GET /admin/accounts/user/?created_at__gte=2025-08-29+00%3A00%3A00%2B00%3A00&created_at__lt=2025-08-30+00%3A00%3A00%2B00%3A00 HTTP/1.1" 200 15824
INFO 2025-08-30 00:14:42,469 basehttp 11512 24624 "GET /admin/jsi18n/ HTTP/1.1" 200 3343
INFO 2025-08-30 00:14:44,515 basehttp 11512 24624 "POST /admin/accounts/user/?created_at__gte=2025-08-29+00%3A00%3A00%2B00%3A00&created_at__lt=2025-08-30+00%3A00%3A00%2B00%3A00 HTTP/1.1" 302 0
INFO 2025-08-30 00:14:44,574 basehttp 11512 24624 "GET /admin/accounts/user/?created_at__gte=2025-08-29+00%3A00%3A00%2B00%3A00&created_at__lt=2025-08-30+00%3A00%3A00%2B00%3A00 HTTP/1.1" 200 16017
INFO 2025-08-30 00:14:44,641 basehttp 11512 24624 "GET /admin/jsi18n/ HTTP/1.1" 200 3343
INFO 2025-08-30 00:14:44,667 basehttp 11512 24624 "GET /static/admin/img/icon-alert.svg HTTP/1.1" 200 504
INFO 2025-08-30 00:14:47,954 basehttp 11512 24624 "GET /admin/doctors/doctor/add/ HTTP/1.1" 200 21008
INFO 2025-08-30 00:14:47,982 basehttp 11512 24220 "GET /static/admin/js/collapse.js HTTP/1.1" 304 0
INFO 2025-08-30 00:14:47,987 basehttp 11512 24220 "GET /static/admin/img/icon-changelink.svg HTTP/1.1" 304 0
INFO 2025-08-30 00:14:47,996 basehttp 11512 24220 "GET /static/admin/img/icon-viewlink.svg HTTP/1.1" 304 0
INFO 2025-08-30 00:14:48,031 basehttp 11512 24624 "GET /admin/jsi18n/ HTTP/1.1" 200 3343
ERROR 2025-08-30 00:15:51,861 basehttp 11512 24624 "POST /admin/doctors/doctor/add/ HTTP/1.1" 500 198456
INFO 2025-08-30 00:20:24,721 autoreload 19588 20512 Watching for file changes with StatReloader
WARNING 2025-08-30 00:20:26,720 basehttp 19588 20832 "GET / HTTP/1.1" 404 2518
INFO 2025-08-30 00:22:31,292 autoreload 10520 24588 Watching for file changes with StatReloader
ERROR 2025-08-30 00:22:32,649 basehttp 10520 17296 "GET / HTTP/1.1" 500 74635
INFO 2025-08-30 00:22:47,044 autoreload 10520 24588 D:\healthcare-backend\healthcare_backend\urls.py changed, reloading.
INFO 2025-08-30 00:22:47,929 autoreload 10360 24336 Watching for file changes with StatReloader
INFO 2025-08-30 00:22:51,194 basehttp 10360 21928 "GET / HTTP/1.1" 200 38
INFO 2025-08-30 00:25:29,859 autoreload 10360 24336 D:\healthcare-backend\healthcare_backend\settings.py changed, reloading.
INFO 2025-08-30 00:25:30,765 autoreload 25228 4308 Watching for file changes with StatReloader
INFO 2025-08-30 00:25:42,167 autoreload 25228 4308 D:\healthcare-backend\healthcare_backend\settings.py changed, reloading.
INFO 2025-08-30 00:25:43,122 autoreload 16292 12796 Watching for file changes with StatReloader
INFO 2025-08-30 00:25:56,825 autoreload 16292 12796 D:\healthcare-backend\healthcare_backend\urls.py changed, reloading.
INFO 2025-08-30 00:25:57,791 autoreload 2372 18868 Watching for file changes with StatReloader
INFO 2025-08-30 00:26:06,036 autoreload 2372 18868 D:\healthcare-backend\healthcare_backend\urls.py changed, reloading.
INFO 2025-08-30 00:26:07,062 autoreload 1060 11540 Watching for file changes with StatReloader
ERROR 2025-08-30 00:26:12,319 basehttp 1060 3332 "GET / HTTP/1.1" 500 89502
INFO 2025-08-30 00:26:21,659 autoreload 23696 18680 Watching for file changes with StatReloader
ERROR 2025-08-30 00:26:22,882 basehttp 23696 12544 "GET / HTTP/1.1" 500 89502
ERROR 2025-08-30 00:27:01,312 basehttp 23696 12544 "GET / HTTP/1.1" 500 89639
ERROR 2025-08-30 00:27:02,779 basehttp 23696 12544 "GET / HTTP/1.1" 500 89639
INFO 2025-08-30 00:27:24,240 autoreload 24532 1300 Watching for file changes with StatReloader
INFO 2025-08-30 00:27:26,055 basehttp 24532 20068 "GET / HTTP/1.1" 200 1662
INFO 2025-08-30 00:27:31,046 basehttp 24532 20068 "GET /admin/login/ HTTP/1.1" 302 0
INFO 2025-08-30 00:27:31,226 basehttp 24532 20068 "GET /admin/ HTTP/1.1" 200 8230
INFO 2025-08-30 00:27:31,246 basehttp 24532 20068 "GET /static/admin/css/base.css HTTP/1.1" 304 0
INFO 2025-08-30 00:27:31,252 basehttp 24532 16480 "GET /static/admin/css/nav_sidebar.css HTTP/1.1" 304 0
INFO 2025-08-30 00:27:31,252 basehttp 24532 24192 "GET /static/admin/css/dashboard.css HTTP/1.1" 304 0
INFO 2025-08-30 00:27:31,252 basehttp 24532 11064 "GET /static/admin/css/responsive.css HTTP/1.1" 304 0
INFO 2025-08-30 00:27:31,252 basehttp 24532 20068 "GET /static/admin/css/dark_mode.css HTTP/1.1" 304 0
INFO 2025-08-30 00:27:31,263 basehttp 24532 20068 "GET /static/admin/js/theme.js HTTP/1.1" 304 0
INFO 2025-08-30 00:27:31,263 basehttp 24532 11064 "GET /static/admin/js/nav_sidebar.js HTTP/1.1" 304 0
INFO 2025-08-30 00:27:31,268 basehttp 24532 11064 "GET /static/admin/img/icon-addlink.svg HTTP/1.1" 304 0
INFO 2025-08-30 00:27:31,269 basehttp 24532 20068 "GET /static/admin/img/icon-changelink.svg HTTP/1.1" 304 0
INFO 2025-08-30 00:27:34,392 basehttp 24532 20068 "POST /admin/logout/ HTTP/1.1" 200 3576
INFO 2025-08-30 00:27:40,924 basehttp 24532 20068 "GET / HTTP/1.1" 200 1662
INFO 2025-08-30 00:27:41,923 basehttp 24532 20068 "GET /admin/login/ HTTP/1.1" 200 4165
INFO 2025-08-30 00:27:41,947 basehttp 24532 20068 "GET /static/admin/css/login.css HTTP/1.1" 304 0
INFO 2025-08-30 00:27:48,397 basehttp 24532 20068 "POST /admin/login/ HTTP/1.1" 302 0
INFO 2025-08-30 00:27:48,454 basehttp 24532 20068 "GET /admin/ HTTP/1.1" 200 8230
INFO 2025-08-30 00:27:51,474 basehttp 24532 20068 "GET /admin/doctors/doctor/add/ HTTP/1.1" 200 21008
INFO 2025-08-30 00:27:51,495 basehttp 24532 20068 "GET /static/admin/css/forms.css HTTP/1.1" 304 0
INFO 2025-08-30 00:27:51,504 basehttp 24532 11064 "GET /static/admin/js/vendor/jquery/jquery.js HTTP/1.1" 304 0
INFO 2025-08-30 00:27:51,505 basehttp 24532 16480 "GET /static/admin/js/jquery.init.js HTTP/1.1" 304 0
INFO 2025-08-30 00:27:51,506 basehttp 24532 24192 "GET /static/admin/js/collapse.js HTTP/1.1" 304 0
INFO 2025-08-30 00:27:51,510 basehttp 24532 18600 "GET /static/admin/js/core.js HTTP/1.1" 304 0
INFO 2025-08-30 00:27:51,511 basehttp 24532 11064 "GET /static/admin/js/actions.js HTTP/1.1" 304 0
INFO 2025-08-30 00:27:51,512 basehttp 24532 24236 "GET /static/admin/js/admin/RelatedObjectLookups.js HTTP/1.1" 304 0
INFO 2025-08-30 00:27:51,514 basehttp 24532 16480 "GET /static/admin/js/urlify.js HTTP/1.1" 304 0
INFO 2025-08-30 00:27:51,517 basehttp 24532 24192 "GET /static/admin/js/prepopulate.js HTTP/1.1" 304 0
INFO 2025-08-30 00:27:51,520 basehttp 24532 18600 "GET /static/admin/js/vendor/xregexp/xregexp.js HTTP/1.1" 304 0
INFO 2025-08-30 00:27:51,521 basehttp 24532 11064 "GET /static/admin/img/icon-viewlink.svg HTTP/1.1" 304 0
INFO 2025-08-30 00:27:51,522 basehttp 24532 24236 "GET /static/admin/js/prepopulate_init.js HTTP/1.1" 304 0
INFO 2025-08-30 00:27:51,522 basehttp 24532 16480 "GET /static/admin/css/widgets.css HTTP/1.1" 304 0
INFO 2025-08-30 00:27:51,526 basehttp 24532 16480 "GET /static/admin/js/change_form.js HTTP/1.1" 304 0
INFO 2025-08-30 00:27:51,550 basehttp 24532 20068 "GET /admin/jsi18n/ HTTP/1.1" 200 3343
INFO 2025-08-30 00:28:16,880 basehttp 24532 20068 "POST /admin/doctors/doctor/add/ HTTP/1.1" 200 21323
INFO 2025-08-30 00:28:16,946 basehttp 24532 20068 "GET /admin/jsi18n/ HTTP/1.1" 200 3343
INFO 2025-08-30 00:28:36,906 basehttp 24532 20068 "POST /admin/doctors/doctor/add/ HTTP/1.1" 302 0
INFO 2025-08-30 00:28:36,982 basehttp 24532 20068 "GET /admin/doctors/doctor/ HTTP/1.1" 200 14452
INFO 2025-08-30 00:28:37,005 basehttp 24532 20068 "GET /static/admin/css/changelists.css HTTP/1.1" 304 0
INFO 2025-08-30 00:28:37,009 basehttp 24532 24236 "GET /static/admin/img/search.svg HTTP/1.1" 304 0
INFO 2025-08-30 00:28:37,009 basehttp 24532 11064 "GET /static/admin/img/icon-yes.svg HTTP/1.1" 304 0
INFO 2025-08-30 00:28:37,023 basehttp 24532 11064 "GET /static/admin/js/filters.js HTTP/1.1" 304 0
INFO 2025-08-30 00:28:37,055 basehttp 24532 16480 "GET /admin/jsi18n/ HTTP/1.1" 200 3343
INFO 2025-08-30 00:28:37,069 basehttp 24532 16480 "GET /static/admin/img/tooltag-add.svg HTTP/1.1" 304 0
INFO 2025-08-30 00:28:37,069 basehttp 24532 11064 "GET /static/admin/img/sorting-icons.svg HTTP/1.1" 304 0
INFO 2025-08-30 00:28:53,479 basehttp 24532 11064 "GET /admin/doctors/doctor/add/ HTTP/1.1" 200 21008
INFO 2025-08-30 00:28:57,489 basehttp 24532 11064 "GET /admin/ HTTP/1.1" 200 8536
INFO 2025-08-30 00:29:01,133 basehttp 24532 11064 "GET / HTTP/1.1" 200 1662
INFO 2025-08-30 00:29:16,846 basehttp 24532 11064 "GET /admin/login/ HTTP/1.1" 302 0
INFO 2025-08-30 00:29:16,918 basehttp 24532 11064 "GET /admin/ HTTP/1.1" 200 8536
INFO 2025-08-30 00:29:32,649 basehttp 24532 11064 "GET /admin/patients/patient/add/ HTTP/1.1" 200 19475
INFO 2025-08-30 00:29:32,677 basehttp 24532 16480 "GET /static/admin/js/calendar.js HTTP/1.1" 304 0
INFO 2025-08-30 00:29:32,677 basehttp 24532 24236 "GET /static/admin/js/admin/DateTimeShortcuts.js HTTP/1.1" 304 0
INFO 2025-08-30 00:29:32,743 basehttp 24532 11064 "GET /admin/jsi18n/ HTTP/1.1" 200 3343
INFO 2025-08-30 00:29:32,878 basehttp 24532 11064 "GET /static/admin/img/icon-calendar.svg HTTP/1.1" 304 0
INFO 2025-08-30 00:29:54,613 basehttp 24532 11064 "POST /admin/patients/patient/add/ HTTP/1.1" 200 19956
INFO 2025-08-30 00:29:54,693 basehttp 24532 11064 "GET /admin/jsi18n/ HTTP/1.1" 200 3343
INFO 2025-08-30 00:30:24,998 basehttp 24532 11064 "POST /admin/patients/patient/add/ HTTP/1.1" 302 0
INFO 2025-08-30 00:30:25,174 basehttp 24532 11064 "GET /admin/patients/patient/ HTTP/1.1" 200 14114
INFO 2025-08-30 00:30:25,356 basehttp 24532 11064 "GET /admin/jsi18n/ HTTP/1.1" 200 3343
INFO 2025-08-30 00:30:33,271 basehttp 24532 11064 "GET /admin/doctors/doctor/ HTTP/1.1" 200 14232
INFO 2025-08-30 00:30:33,359 basehttp 24532 11064 "GET /admin/jsi18n/ HTTP/1.1" 200 3343
INFO 2025-08-30 00:30:40,642 basehttp 24532 11064 "GET /admin/mappings/patientdoctormapping/add/ HTTP/1.1" 200 16947
INFO 2025-08-30 00:30:40,717 basehttp 24532 11064 "GET /admin/jsi18n/ HTTP/1.1" 200 3343
INFO 2025-08-30 00:31:31,676 basehttp 24532 11064 "POST /admin/mappings/patientdoctormapping/add/ HTTP/1.1" 200 17178
INFO 2025-08-30 00:31:31,759 basehttp 24532 11064 "GET /admin/jsi18n/ HTTP/1.1" 200 3343
INFO 2025-08-30 00:31:43,343 basehttp 24532 11064 "GET /admin/accounts/user/1/change/?_to_field=id HTTP/1.1" 200 24703
INFO 2025-08-30 00:31:43,372 basehttp 24532 16480 "GET /static/admin/js/SelectFilter2.js HTTP/1.1" 304 0
INFO 2025-08-30 00:31:43,374 basehttp 24532 24236 "GET /static/admin/js/SelectBox.js HTTP/1.1" 304 0
INFO 2025-08-30 00:31:43,423 basehttp 24532 11064 "GET /admin/jsi18n/ HTTP/1.1" 200 3343
INFO 2025-08-30 00:31:43,521 basehttp 24532 11064 "GET /static/admin/img/icon-unknown.svg HTTP/1.1" 304 0
INFO 2025-08-30 00:31:43,522 basehttp 24532 24236 "GET /static/admin/img/selector-icons.svg HTTP/1.1" 304 0
INFO 2025-08-30 00:31:43,522 basehttp 24532 16480 "GET /static/admin/img/icon-unknown-alt.svg HTTP/1.1" 304 0
INFO 2025-08-30 00:31:43,522 basehttp 24532 20068 "GET /static/admin/img/icon-clock.svg HTTP/1.1" 304 0
INFO 2025-08-30 00:31:47,735 basehttp 24532 20068 "GET /admin/mappings/patientdoctormapping/add/ HTTP/1.1" 200 16947
INFO 2025-08-30 00:31:47,811 basehttp 24532 20068 "GET /admin/jsi18n/ HTTP/1.1" 200 3343
INFO 2025-08-30 00:32:02,196 basehttp 24532 20068 "POST /admin/mappings/patientdoctormapping/add/ HTTP/1.1" 302 0
INFO 2025-08-30 00:32:02,269 basehttp 24532 20068 "GET /admin/mappings/patientdoctormapping/ HTTP/1.1" 200 14981
INFO 2025-08-30 00:32:02,442 basehttp 24532 20068 "GET /admin/jsi18n/ HTTP/1.1" 200 3343
INFO 2025-08-30 00:32:28,900 basehttp 24532 20068 "GET /admin/auth/ HTTP/1.1" 200 5192
INFO 2025-08-30 00:32:28,915 basehttp 24532 16480 "GET /static/admin/css/dark_mode.css HTTP/1.1" 304 0
INFO 2025-08-30 00:32:28,915 basehttp 24532 24236 "GET /static/admin/css/nav_sidebar.css HTTP/1.1" 304 0
INFO 2025-08-30 00:32:28,915 basehttp 24532 11064 "GET /static/admin/css/dashboard.css HTTP/1.1" 304 0
INFO 2025-08-30 00:32:28,915 basehttp 24532 18600 "GET /static/admin/css/responsive.css HTTP/1.1" 304 0
INFO 2025-08-30 00:32:28,915 basehttp 24532 20068 "GET /static/admin/css/base.css HTTP/1.1" 304 0
INFO 2025-08-30 00:32:28,961 basehttp 24532 18600 "GET /static/admin/js/theme.js HTTP/1.1" 304 0
INFO 2025-08-30 00:32:28,961 basehttp 24532 11064 "GET /static/admin/js/nav_sidebar.js HTTP/1.1" 304 0
INFO 2025-08-30 00:32:28,971 basehttp 24532 11064 "GET /static/admin/img/icon-addlink.svg HTTP/1.1" 304 0
INFO 2025-08-30 00:32:28,972 basehttp 24532 18600 "GET /static/admin/img/icon-changelink.svg HTTP/1.1" 304 0
INFO 2025-08-30 00:32:35,374 basehttp 24532 18600 "GET /admin/mappings/patientdoctormapping/?o=5 HTTP/1.1" 200 14983
INFO 2025-08-30 00:32:35,412 basehttp 24532 20068 "GET /static/admin/js/jquery.init.js HTTP/1.1" 304 0
INFO 2025-08-30 00:32:35,414 basehttp 24532 11064 "GET /static/admin/js/vendor/jquery/jquery.js HTTP/1.1" 304 0
INFO 2025-08-30 00:32:35,414 basehttp 24532 24236 "GET /static/admin/js/admin/RelatedObjectLookups.js HTTP/1.1" 304 0
INFO 2025-08-30 00:32:35,414 basehttp 24532 16480 "GET /static/admin/js/core.js HTTP/1.1" 304 0
INFO 2025-08-30 00:32:35,414 basehttp 24532 24192 "GET /static/admin/js/actions.js HTTP/1.1" 304 0
INFO 2025-08-30 00:32:35,419 basehttp 24532 20068 "GET /static/admin/js/urlify.js HTTP/1.1" 304 0
INFO 2025-08-30 00:32:35,420 basehttp 24532 11064 "GET /static/admin/js/prepopulate.js HTTP/1.1" 304 0
INFO 2025-08-30 00:32:35,422 basehttp 24532 16480 "GET /static/admin/js/vendor/xregexp/xregexp.js HTTP/1.1" 304 0
INFO 2025-08-30 00:32:35,556 basehttp 24532 18600 "GET /admin/jsi18n/ HTTP/1.1" 200 3343
INFO 2025-08-30 00:32:47,649 basehttp 24532 18600 "GET /admin/auth/group/add/ HTTP/1.1" 200 13351
INFO 2025-08-30 00:32:47,684 basehttp 24532 18600 "GET /static/admin/css/forms.css HTTP/1.1" 304 0
INFO 2025-08-30 00:32:47,685 basehttp 24532 11064 "GET /static/admin/js/prepopulate_init.js HTTP/1.1" 304 0
INFO 2025-08-30 00:32:47,700 basehttp 24532 11064 "GET /static/admin/css/widgets.css HTTP/1.1" 304 0
INFO 2025-08-30 00:32:47,706 basehttp 24532 11064 "GET /static/admin/js/change_form.js HTTP/1.1" 304 0
INFO 2025-08-30 00:32:47,738 basehttp 24532 16480 "GET /admin/jsi18n/ HTTP/1.1" 200 3343
INFO 2025-08-30 00:33:34,805 basehttp 24532 16480 "POST /admin/auth/group/add/ HTTP/1.1" 302 0
INFO 2025-08-30 00:33:34,868 basehttp 24532 16480 "GET /admin/auth/group/ HTTP/1.1" 200 10496
INFO 2025-08-30 00:33:34,894 basehttp 24532 16480 "GET /static/admin/css/changelists.css HTTP/1.1" 304 0
INFO 2025-08-30 00:33:34,903 basehttp 24532 11064 "GET /static/admin/img/search.svg HTTP/1.1" 304 0
INFO 2025-08-30 00:33:35,044 basehttp 24532 16480 "GET /admin/jsi18n/ HTTP/1.1" 200 3343
INFO 2025-08-30 00:33:35,146 basehttp 24532 16480 "GET /static/admin/js/filters.js HTTP/1.1" 304 0
INFO 2025-08-30 00:33:35,178 basehttp 24532 16480 "GET /static/admin/img/icon-yes.svg HTTP/1.1" 304 0
INFO 2025-08-30 00:33:39,353 basehttp 24532 16480 "GET /admin/auth/group/1/change/ HTTP/1.1" 200 13576
INFO 2025-08-30 00:33:39,430 basehttp 24532 16480 "GET /admin/jsi18n/ HTTP/1.1" 200 3343
INFO 2025-08-30 00:33:44,433 basehttp 24532 16480 "POST /admin/auth/group/1/change/ HTTP/1.1" 302 0
INFO 2025-08-30 00:33:44,492 basehttp 24532 16480 "GET /admin/auth/group/ HTTP/1.1" 200 10498
INFO 2025-08-30 00:33:44,580 basehttp 24532 16480 "GET /admin/jsi18n/ HTTP/1.1" 200 3343
INFO 2025-08-30 00:33:49,792 basehttp 24532 16480 "GET /admin/auth/ HTTP/1.1" 200 5192
INFO 2025-08-30 00:33:54,243 basehttp 24532 16480 "GET /admin/auth/ HTTP/1.1" 200 5192
INFO 2025-08-30 00:33:56,964 basehttp 24532 16480 "GET /admin/ HTTP/1.1" 200 9779
INFO 2025-08-30 00:34:06,447 basehttp 24532 16480 "GET /admin/auth/group/1/change/ HTTP/1.1" 200 13576
INFO 2025-08-30 00:34:06,523 basehttp 24532 16480 "GET /admin/jsi18n/ HTTP/1.1" 200 3343
INFO 2025-08-30 00:34:23,838 basehttp 24532 16480 "GET /admin/auth/ HTTP/1.1" 200 5192
INFO 2025-08-30 00:34:25,935 basehttp 24532 16480 "GET /admin/ HTTP/1.1" 200 9779
INFO 2025-08-30 00:34:30,639 basehttp 24532 16480 "GET /admin/accounts/user/ HTTP/1.1" 200 13626
INFO 2025-08-30 00:34:30,670 basehttp 24532 11064 "GET /static/admin/img/icon-no.svg HTTP/1.1" 304 0
INFO 2025-08-30 00:34:30,716 basehttp 24532 16480 "GET /admin/jsi18n/ HTTP/1.1" 200 3343
INFO 2025-08-30 00:34:30,731 basehttp 24532 16480 "GET /static/admin/img/tooltag-add.svg HTTP/1.1" 304 0
INFO 2025-08-30 00:34:30,733 basehttp 24532 11064 "GET /static/admin/img/sorting-icons.svg HTTP/1.1" 304 0
INFO 2025-08-30 00:34:42,472 basehttp 24532 11064 "GET /admin/auth/group/add/ HTTP/1.1" 200 13351
INFO 2025-08-30 00:34:42,615 basehttp 24532 11064 "GET /admin/jsi18n/ HTTP/1.1" 200 3343
INFO 2025-08-30 00:34:45,069 basehttp 24532 11064 "GET /admin/auth/group/ HTTP/1.1" 200 10302
INFO 2025-08-30 00:34:45,149 basehttp 24532 11064 "GET /admin/jsi18n/ HTTP/1.1" 200 3343
INFO 2025-08-30 00:35:04,759 basehttp 24532 11064 "GET /admin/auth/group/1/change/ HTTP/1.1" 200 13576
INFO 2025-08-30 00:35:04,846 basehttp 24532 11064 "GET /admin/jsi18n/ HTTP/1.1" 200 3343
INFO 2025-08-30 00:35:20,995 basehttp 24532 11064 "POST /admin/auth/group/1/change/ HTTP/1.1" 302 0
INFO 2025-08-30 00:35:21,158 basehttp 24532 11064 "GET /admin/auth/group/ HTTP/1.1" 200 10498
INFO 2025-08-30 00:35:21,345 basehttp 24532 11064 "GET /admin/jsi18n/ HTTP/1.1" 200 3343
INFO 2025-08-30 00:35:29,322 basehttp 24532 11064 "GET /admin/accounts/user/ HTTP/1.1" 200 13626
INFO 2025-08-30 00:35:29,398 basehttp 24532 11064 "GET /admin/jsi18n/ HTTP/1.1" 200 3343
INFO 2025-08-30 00:35:31,106 basehttp 24532 11064 "GET /admin/accounts/user/2/change/ HTTP/1.1" 200 24672
INFO 2025-08-30 00:35:31,138 basehttp 24532 16480 "GET /static/admin/js/calendar.js HTTP/1.1" 304 0
INFO 2025-08-30 00:35:31,138 basehttp 24532 18600 "GET /static/admin/js/admin/DateTimeShortcuts.js HTTP/1.1" 304 0
INFO 2025-08-30 00:35:31,185 basehttp 24532 11064 "GET /admin/jsi18n/ HTTP/1.1" 200 3343
INFO 2025-08-30 00:35:31,267 basehttp 24532 11064 "GET /static/admin/img/icon-calendar.svg HTTP/1.1" 304 0
INFO 2025-08-30 00:36:07,901 basehttp 24532 11064 "POST /admin/accounts/user/2/change/ HTTP/1.1" 302 0
INFO 2025-08-30 00:36:07,963 basehttp 24532 11064 "GET /admin/accounts/user/ HTTP/1.1" 200 13859
INFO 2025-08-30 00:36:08,052 basehttp 24532 11064 "GET /admin/jsi18n/ HTTP/1.1" 200 3343
INFO 2025-08-30 00:36:12,511 basehttp 24532 11064 "GET /admin/auth/group/ HTTP/1.1" 200 10302
INFO 2025-08-30 00:36:12,585 basehttp 24532 11064 "GET /admin/jsi18n/ HTTP/1.1" 200 3343
INFO 2025-08-30 00:36:13,714 basehttp 24532 11064 "GET /admin/auth/group/1/change/ HTTP/1.1" 200 13576
INFO 2025-08-30 00:36:13,787 basehttp 24532 11064 "GET /admin/jsi18n/ HTTP/1.1" 200 3343
INFO 2025-08-30 00:36:19,217 basehttp 24532 11064 "GET /admin/accounts/user/ HTTP/1.1" 200 13626
INFO 2025-08-30 00:36:19,286 basehttp 24532 11064 "GET /admin/jsi18n/ HTTP/1.1" 200 3343
INFO 2025-08-30 00:36:21,991 basehttp 24532 11064 "GET /admin/accounts/user/2/change/ HTTP/1.1" 200 24681
INFO 2025-08-30 00:36:22,070 basehttp 24532 11064 "GET /admin/jsi18n/ HTTP/1.1" 200 3343
INFO 2025-08-30 00:36:31,424 basehttp 24532 11064 "GET /admin/patients/patient/ HTTP/1.1" 200 13877
INFO 2025-08-30 00:36:31,605 basehttp 24532 11064 "GET /admin/jsi18n/ HTTP/1.1" 200 3343
INFO 2025-08-30 00:36:38,540 basehttp 24532 11064 "GET /admin/auth/group/ HTTP/1.1" 200 10302
INFO 2025-08-30 00:36:38,615 basehttp 24532 11064 "GET /admin/jsi18n/ HTTP/1.1" 200 3343
INFO 2025-08-30 00:36:40,424 basehttp 24532 11064 "GET /admin/auth/group/1/change/ HTTP/1.1" 200 13576
INFO 2025-08-30 00:36:40,502 basehttp 24532 11064 "GET /admin/jsi18n/ HTTP/1.1" 200 3343
INFO 2025-08-30 00:36:41,956 basehttp 24532 11064 "GET /admin/accounts/user/ HTTP/1.1" 200 13626
INFO 2025-08-30 00:36:42,037 basehttp 24532 11064 "GET /admin/jsi18n/ HTTP/1.1" 200 3343
INFO 2025-08-30 00:36:43,020 basehttp 24532 11064 "GET /admin/accounts/user/2/change/ HTTP/1.1" 200 24681
INFO 2025-08-30 00:36:43,096 basehttp 24532 11064 "GET /admin/jsi18n/ HTTP/1.1" 200 3343
INFO 2025-08-30 00:37:51,688 basehttp 24532 11064 "POST /admin/accounts/user/2/change/ HTTP/1.1" 302 0
INFO 2025-08-30 00:37:51,748 basehttp 24532 11064 "GET /admin/accounts/user/ HTTP/1.1" 200 13859
INFO 2025-08-30 00:37:51,791 basehttp 24532 11064 "GET /static/admin/css/base.css HTTP/1.1" 304 0
INFO 2025-08-30 00:37:51,791 basehttp 24532 18600 "GET /static/admin/css/dark_mode.css HTTP/1.1" 304 0
INFO 2025-08-30 00:37:51,793 basehttp 24532 16480 "GET /static/admin/css/nav_sidebar.css HTTP/1.1" 304 0
INFO 2025-08-30 00:37:51,794 basehttp 24532 16688 "GET /static/admin/js/vendor/jquery/jquery.js HTTP/1.1" 304 0
INFO 2025-08-30 00:37:51,797 basehttp 24532 12724 "GET /static/admin/js/jquery.init.js HTTP/1.1" 304 0
INFO 2025-08-30 00:37:51,802 basehttp 24532 11064 "GET /static/admin/js/core.js HTTP/1.1" 304 0
INFO 2025-08-30 00:37:51,805 basehttp 24532 18600 "GET /static/admin/css/responsive.css HTTP/1.1" 304 0
INFO 2025-08-30 00:37:51,810 basehttp 24532 16480 "GET /static/admin/js/admin/RelatedObjectLookups.js HTTP/1.1" 304 0
INFO 2025-08-30 00:37:51,811 basehttp 24532 16688 "GET /static/admin/js/actions.js HTTP/1.1" 304 0
INFO 2025-08-30 00:37:51,813 basehttp 24532 12724 "GET /static/admin/js/urlify.js HTTP/1.1" 304 0
INFO 2025-08-30 00:37:51,815 basehttp 24532 11064 "GET /static/admin/js/prepopulate.js HTTP/1.1" 304 0
INFO 2025-08-30 00:37:51,817 basehttp 24532 18600 "GET /static/admin/js/vendor/xregexp/xregexp.js HTTP/1.1" 304 0
INFO 2025-08-30 00:37:51,857 basehttp 24532 13992 "GET /admin/jsi18n/ HTTP/1.1" 200 3343
INFO 2025-08-30 00:37:52,068 basehttp 24532 13992 "GET /static/admin/js/theme.js HTTP/1.1" 304 0
INFO 2025-08-30 00:37:52,068 basehttp 24532 18600 "GET /static/admin/js/nav_sidebar.js HTTP/1.1" 304 0
INFO 2025-08-30 00:37:52,104 basehttp 24532 18600 "GET /static/admin/img/icon-addlink.svg HTTP/1.1" 304 0
INFO 2025-08-30 00:37:54,622 basehttp 24532 18600 "GET /admin/auth/group/ HTTP/1.1" 200 10302
INFO 2025-08-30 00:37:54,692 basehttp 24532 18600 "GET /admin/jsi18n/ HTTP/1.1" 200 3343
INFO 2025-08-30 00:37:55,723 basehttp 24532 18600 "GET /admin/auth/group/1/change/ HTTP/1.1" 200 13576
INFO 2025-08-30 00:37:55,754 basehttp 24532 13992 "GET /static/admin/js/SelectBox.js HTTP/1.1" 304 0
INFO 2025-08-30 00:37:55,754 basehttp 24532 11064 "GET /static/admin/js/SelectFilter2.js HTTP/1.1" 304 0
INFO 2025-08-30 00:37:55,814 basehttp 24532 18600 "GET /admin/jsi18n/ HTTP/1.1" 200 3343
INFO 2025-08-30 00:37:55,912 basehttp 24532 13992 "GET /static/admin/img/icon-unknown-alt.svg HTTP/1.1" 304 0
INFO 2025-08-30 00:37:55,913 basehttp 24532 11064 "GET /static/admin/img/selector-icons.svg HTTP/1.1" 304 0
INFO 2025-08-30 00:37:55,913 basehttp 24532 18600 "GET /static/admin/img/icon-unknown.svg HTTP/1.1" 304 0
INFO 2025-08-30 00:38:00,080 basehttp 24532 18600 "GET /admin/accounts/user/ HTTP/1.1" 200 13626
INFO 2025-08-30 00:38:00,153 basehttp 24532 18600 "GET /admin/jsi18n/ HTTP/1.1" 200 3343
INFO 2025-08-30 00:38:08,273 basehttp 24532 18600 "POST /admin/logout/ HTTP/1.1" 200 3576
INFO 2025-08-30 00:38:09,512 basehttp 24532 18600 "GET /admin/ HTTP/1.1" 302 0
INFO 2025-08-30 00:38:09,525 basehttp 24532 18600 "GET /admin/login/?next=/admin/ HTTP/1.1" 200 4178
INFO 2025-08-30 00:38:09,552 basehttp 24532 18600 "GET /static/admin/css/login.css HTTP/1.1" 304 0
INFO 2025-08-30 00:38:29,586 basehttp 24532 18600 "POST /admin/login/?next=/admin/ HTTP/1.1" 200 4356
INFO 2025-08-30 00:38:38,629 basehttp 24532 18600 "POST /admin/login/?next=/admin/ HTTP/1.1" 200 4356
INFO 2025-08-30 00:38:42,831 basehttp 24532 18600 "POST /admin/login/?next=/admin/ HTTP/1.1" 200 4356
INFO 2025-08-30 00:38:46,924 basehttp 24532 18600 "POST /admin/login/?next=/admin/ HTTP/1.1" 200 4356
INFO 2025-08-30 00:38:55,805 basehttp 24532 18600 "POST /admin/login/?next=/admin/ HTTP/1.1" 200 4356
INFO 2025-08-30 00:39:01,529 basehttp 24532 18600 "POST /admin/login/?next=/admin/ HTTP/1.1" 302 0
INFO 2025-08-30 00:39:01,588 basehttp 24532 18600 "GET /admin/ HTTP/1.1" 200 10702
INFO 2025-08-30 00:39:01,616 basehttp 24532 18600 "GET /static/admin/css/dashboard.css HTTP/1.1" 304 0
INFO 2025-08-30 00:39:01,631 basehttp 24532 18600 "GET /static/admin/img/icon-changelink.svg HTTP/1.1" 304 0
INFO 2025-08-30 00:39:03,774 basehttp 24532 18600 "GET /admin/accounts/user/2/change/ HTTP/1.1" 200 24681
INFO 2025-08-30 00:39:03,805 basehttp 24532 18600 "GET /static/admin/css/forms.css HTTP/1.1" 304 0
INFO 2025-08-30 00:39:03,811 basehttp 24532 18600 "GET /static/admin/js/prepopulate_init.js HTTP/1.1" 304 0
INFO 2025-08-30 00:39:03,822 basehttp 24532 18600 "GET /static/admin/css/widgets.css HTTP/1.1" 304 0
INFO 2025-08-30 00:39:03,826 basehttp 24532 18600 "GET /static/admin/js/change_form.js HTTP/1.1" 304 0
INFO 2025-08-30 00:39:03,858 basehttp 24532 11064 "GET /admin/jsi18n/ HTTP/1.1" 200 3343
INFO 2025-08-30 00:39:03,955 basehttp 24532 18600 "GET /static/admin/img/icon-clock.svg HTTP/1.1" 304 0
INFO 2025-08-30 00:39:03,955 basehttp 24532 11064 "GET /static/admin/img/search.svg HTTP/1.1" 304 0
INFO 2025-08-30 00:39:07,776 basehttp 24532 11064 "GET /admin/accounts/user/2/password/ HTTP/1.1" 200 9158
INFO 2025-08-30 00:39:27,818 basehttp 24532 11064 "POST /admin/accounts/user/2/password/ HTTP/1.1" 200 9310
INFO 2025-08-30 00:39:43,889 basehttp 24532 11064 "POST /admin/accounts/user/2/password/ HTTP/1.1" 302 0
INFO 2025-08-30 00:39:43,979 basehttp 24532 11064 "GET /admin/accounts/user/2/change/ HTTP/1.1" 200 24817
INFO 2025-08-30 00:39:44,152 basehttp 24532 11064 "GET /admin/jsi18n/ HTTP/1.1" 200 3343
INFO 2025-08-30 00:39:44,170 basehttp 24532 11064 "GET /static/admin/img/icon-yes.svg HTTP/1.1" 304 0
INFO 2025-08-30 00:39:48,267 basehttp 24532 11064 "POST /admin/logout/ HTTP/1.1" 200 3576
INFO 2025-08-30 00:39:49,342 basehttp 24532 11064 "GET /admin/ HTTP/1.1" 302 0
INFO 2025-08-30 00:39:49,354 basehttp 24532 11064 "GET /admin/login/?next=/admin/ HTTP/1.1" 200 4178
INFO 2025-08-30 00:39:56,982 basehttp 24532 11064 "POST /admin/login/?next=/admin/ HTTP/1.1" 200 4356
INFO 2025-08-30 00:40:30,471 basehttp 24532 11064 "POST /admin/login/?next=/admin/ HTTP/1.1" 200 4356
INFO 2025-08-30 00:40:36,506 basehttp 24532 11064 "POST /admin/login/?next=/admin/ HTTP/1.1" 302 0
INFO 2025-08-30 00:40:36,563 basehttp 24532 11064 "GET /admin/ HTTP/1.1" 200 11022
INFO 2025-08-30 00:40:47,655 basehttp 24532 11064 "GET /admin/accounts/ HTTP/1.1" 200 5091
INFO 2025-08-30 00:40:49,545 basehttp 24532 11064 "GET /admin/accounts/ HTTP/1.1" 200 5091
INFO 2025-08-30 00:40:50,618 basehttp 24532 11064 "GET /admin/accounts/user/ HTTP/1.1" 200 13626
INFO 2025-08-30 00:40:50,648 basehttp 24532 11064 "GET /static/admin/css/changelists.css HTTP/1.1" 304 0
INFO 2025-08-30 00:40:50,652 basehttp 24532 11064 "GET /static/admin/img/icon-no.svg HTTP/1.1" 304 0
INFO 2025-08-30 00:40:50,674 basehttp 24532 11064 "GET /static/admin/js/filters.js HTTP/1.1" 304 0
INFO 2025-08-30 00:40:50,698 basehttp 24532 18600 "GET /admin/jsi18n/ HTTP/1.1" 200 3343
INFO 2025-08-30 00:40:50,712 basehttp 24532 11064 "GET /static/admin/img/sorting-icons.svg HTTP/1.1" 304 0
INFO 2025-08-30 00:40:50,712 basehttp 24532 18600 "GET /static/admin/img/tooltag-add.svg HTTP/1.1" 304 0
INFO 2025-08-30 00:40:58,988 basehttp 24532 11064 "GET /admin/accounts/user/2/change/ HTTP/1.1" 200 24681
INFO 2025-08-30 00:40:59,027 basehttp 24532 18600 "GET /static/admin/js/calendar.js HTTP/1.1" 304 0
INFO 2025-08-30 00:40:59,027 basehttp 24532 13992 "GET /static/admin/js/admin/DateTimeShortcuts.js HTTP/1.1" 304 0
INFO 2025-08-30 00:40:59,078 basehttp 24532 11064 "GET /admin/jsi18n/ HTTP/1.1" 200 3343
INFO 2025-08-30 00:40:59,173 basehttp 24532 11064 "GET /static/admin/img/icon-calendar.svg HTTP/1.1" 304 0
INFO 2025-08-30 00:41:03,819 basehttp 24532 11064 "POST /admin/accounts/user/2/change/ HTTP/1.1" 302 0
INFO 2025-08-30 00:41:03,885 basehttp 24532 11064 "GET /admin/accounts/user/ HTTP/1.1" 200 13859
INFO 2025-08-30 00:41:03,971 basehttp 24532 11064 "GET /admin/jsi18n/ HTTP/1.1" 200 3343
INFO 2025-08-30 00:41:07,783 basehttp 24532 11064 "GET /admin/accounts/user/?o= HTTP/1.1" 200 13561
INFO 2025-08-30 00:41:07,861 basehttp 24532 11064 "GET /admin/jsi18n/ HTTP/1.1" 200 3343
INFO 2025-08-30 00:41:09,107 basehttp 24532 11064 "GET /admin/accounts/user/?o=6 HTTP/1.1" 200 13818
INFO 2025-08-30 00:41:09,184 basehttp 24532 11064 "GET /admin/jsi18n/ HTTP/1.1" 200 3343
INFO 2025-08-30 00:41:17,443 basehttp 24532 11064 "GET /admin/accounts/user/2/change/?_changelist_filters=o%3D6 HTTP/1.1" 200 24777
INFO 2025-08-30 00:41:17,534 basehttp 24532 11064 "GET /admin/jsi18n/ HTTP/1.1" 200 3343
INFO 2025-08-30 00:41:19,278 basehttp 24532 11064 "GET /admin/accounts/user/2/password/ HTTP/1.1" 200 9158
INFO 2025-08-30 00:41:27,209 basehttp 24532 11064 "POST /admin/accounts/user/2/password/ HTTP/1.1" 302 0
INFO 2025-08-30 00:41:27,289 basehttp 24532 11064 "GET /admin/accounts/user/2/change/ HTTP/1.1" 200 24825
INFO 2025-08-30 00:41:27,369 basehttp 24532 11064 "GET /admin/jsi18n/ HTTP/1.1" 200 3343
INFO 2025-08-30 00:41:29,641 basehttp 24532 11064 "POST /admin/logout/ HTTP/1.1" 200 3576
INFO 2025-08-30 00:41:30,757 basehttp 24532 11064 "GET /admin/ HTTP/1.1" 302 0
INFO 2025-08-30 00:41:30,772 basehttp 24532 11064 "GET /admin/login/?next=/admin/ HTTP/1.1" 200 4178
INFO 2025-08-30 00:41:37,448 basehttp 24532 11064 "POST /admin/login/?next=/admin/ HTTP/1.1" 302 0
INFO 2025-08-30 00:41:37,523 basehttp 24532 11064 "GET /admin/ HTTP/1.1" 200 5019
INFO 2025-08-30 00:46:15,412 basehttp 24532 11064 "POST /admin/logout/ HTTP/1.1" 200 3576
INFO 2025-08-30 00:46:15,443 basehttp 24532 11064 "GET /static/admin/css/base.css HTTP/1.1" 304 0
INFO 2025-08-30 00:46:15,445 basehttp 24532 16420 "GET /static/admin/css/nav_sidebar.css HTTP/1.1" 304 0
INFO 2025-08-30 00:46:15,445 basehttp 24532 9068 "GET /static/admin/css/dark_mode.css HTTP/1.1" 304 0
INFO 2025-08-30 00:46:15,446 basehttp 24532 22680 "GET /static/admin/css/responsive.css HTTP/1.1" 304 0
INFO 2025-08-30 00:46:15,711 basehttp 24532 9068 "GET /static/admin/js/nav_sidebar.js HTTP/1.1" 304 0
INFO 2025-08-30 00:46:15,711 basehttp 24532 22680 "GET /static/admin/js/theme.js HTTP/1.1" 304 0
INFO 2025-08-30 00:46:17,045 basehttp 24532 9068 "GET /admin/ HTTP/1.1" 302 0
INFO 2025-08-30 00:46:17,058 basehttp 24532 9068 "GET /admin/login/?next=/admin/ HTTP/1.1" 200 4178
INFO 2025-08-30 00:46:17,083 basehttp 24532 9068 "GET /static/admin/css/login.css HTTP/1.1" 304 0
INFO 2025-08-30 01:07:08,228 autoreload 12876 20184 Watching for file changes with StatReloader
INFO 2025-08-30 01:07:09,474 basehttp 12876 4348 "GET / HTTP/1.1" 200 1662
INFO 2025-08-30 01:07:10,890 basehttp 12876 4348 "GET /admin/login/ HTTP/1.1" 200 4165
INFO 2025-08-30 01:07:10,914 basehttp 12876 4348 "GET /static/admin/css/base.css HTTP/1.1" 304 0
INFO 2025-08-30 01:07:10,919 basehttp 12876 11464 "GET /static/admin/css/nav_sidebar.css HTTP/1.1" 304 0
INFO 2025-08-30 01:07:10,919 basehttp 12876 4148 "GET /static/admin/css/dark_mode.css HTTP/1.1" 304 0
INFO 2025-08-30 01:07:10,921 basehttp 12876 21668 "GET /static/admin/css/login.css HTTP/1.1" 304 0
INFO 2025-08-30 01:07:10,921 basehttp 12876 23108 "GET /static/admin/css/responsive.css HTTP/1.1" 304 0
INFO 2025-08-30 01:07:10,928 basehttp 12876 23108 "GET /static/admin/js/theme.js HTTP/1.1" 304 0
INFO 2025-08-30 01:07:10,928 basehttp 12876 21668 "GET /static/admin/js/nav_sidebar.js HTTP/1.1" 304 0
INFO 2025-08-30 01:07:18,098 basehttp 12876 21668 "POST /admin/login/ HTTP/1.1" 302 0
INFO 2025-08-30 01:07:18,160 basehttp 12876 21668 "GET /admin/ HTTP/1.1" 200 11039
INFO 2025-08-30 01:07:18,186 basehttp 12876 21668 "GET /static/admin/css/dashboard.css HTTP/1.1" 304 0
INFO 2025-08-30 01:07:18,207 basehttp 12876 23108 "GET /static/admin/img/icon-changelink.svg HTTP/1.1" 304 0
INFO 2025-08-30 01:07:18,207 basehttp 12876 21668 "GET /static/admin/img/icon-addlink.svg HTTP/1.1" 304 0
INFO 2025-08-30 01:07:26,742 basehttp 12876 21668 "GET /admin/accounts/user/ HTTP/1.1" 200 13626
INFO 2025-08-30 01:07:26,775 basehttp 12876 4348 "GET /static/admin/js/core.js HTTP/1.1" 304 0
INFO 2025-08-30 01:07:26,775 basehttp 12876 22072 "GET /static/admin/js/admin/RelatedObjectLookups.js HTTP/1.1" 304 0
INFO 2025-08-30 01:07:26,776 basehttp 12876 4148 "GET /static/admin/js/vendor/jquery/jquery.js HTTP/1.1" 304 0
INFO 2025-08-30 01:07:26,776 basehttp 12876 21668 "GET /static/admin/css/changelists.css HTTP/1.1" 304 0
INFO 2025-08-30 01:07:26,776 basehttp 12876 11464 "GET /static/admin/js/jquery.init.js HTTP/1.1" 304 0
INFO 2025-08-30 01:07:26,784 basehttp 12876 4348 "GET /static/admin/js/actions.js HTTP/1.1" 304 0
INFO 2025-08-30 01:07:26,787 basehttp 12876 4148 "GET /static/admin/js/urlify.js HTTP/1.1" 304 0
INFO 2025-08-30 01:07:26,789 basehttp 12876 22072 "GET /static/admin/js/vendor/xregexp/xregexp.js HTTP/1.1" 304 0
INFO 2025-08-30 01:07:26,791 basehttp 12876 21668 "GET /static/admin/js/prepopulate.js HTTP/1.1" 304 0
INFO 2025-08-30 01:07:26,792 basehttp 12876 4348 "GET /static/admin/img/search.svg HTTP/1.1" 304 0
INFO 2025-08-30 01:07:26,792 basehttp 12876 11464 "GET /static/admin/img/icon-yes.svg HTTP/1.1" 304 0
INFO 2025-08-30 01:07:26,800 basehttp 12876 4348 "GET /static/admin/js/filters.js HTTP/1.1" 304 0
INFO 2025-08-30 01:07:26,827 basehttp 12876 23108 "GET /admin/jsi18n/ HTTP/1.1" 200 3343
INFO 2025-08-30 01:07:26,843 basehttp 12876 23108 "GET /static/admin/img/tooltag-add.svg HTTP/1.1" 304 0
INFO 2025-08-30 01:07:26,843 basehttp 12876 4348 "GET /static/admin/img/sorting-icons.svg HTTP/1.1" 304 0
INFO 2025-08-30 01:07:29,418 basehttp 12876 4348 "GET /admin/accounts/user/ HTTP/1.1" 200 13626
INFO 2025-08-30 01:07:29,586 basehttp 12876 4348 "GET /admin/jsi18n/ HTTP/1.1" 200 3343
INFO 2025-08-30 01:10:16,169 autoreload 22192 4684 Watching for file changes with StatReloader
WARNING 2025-08-30 01:10:16,625 basehttp 22192 23536 "GET /user HTTP/1.1" 404 2661
INFO 2025-08-30 01:11:55,747 basehttp 22192 23536 "GET / HTTP/1.1" 200 1662
WARNING 2025-08-30 01:12:08,817 basehttp 22192 23536 "GET /api/auth/register/ HTTP/1.1" 405 40
WARNING 2025-08-30 01:17:12,694 basehttp 22192 18680 "POST /api/auth/register/ HTTP/1.1" 400 87
WARNING 2025-08-30 01:18:24,562 basehttp 22192 12796 "POST /api/auth/register/ HTTP/1.1" 400 87
WARNING 2025-08-30 01:18:54,707 basehttp 22192 12796 "POST /api/auth/register/ HTTP/1.1" 400 87
WARNING 2025-08-30 01:20:57,286 basehttp 22192 1080 "POST /api/auth/register/ HTTP/1.1" 400 36
WARNING 2025-08-30 01:21:34,940 basehttp 22192 1080 "POST /api/auth/register/ HTTP/1.1" 400 82
WARNING 2025-08-30 01:21:49,540 basehttp 22192 1080 "POST /api/auth/register/ HTTP/1.1" 400 61
INFO 2025-08-30 01:21:58,223 basehttp 22192 1080 "POST /api/auth/register/ HTTP/1.1" 201 695
INFO 2025-08-30 01:24:49,954 autoreload 4628 19552 Watching for file changes with StatReloader
INFO 2025-08-30 01:24:52,692 basehttp 4628 9264 "GET / HTTP/1.1" 200 1662
WARNING 2025-08-30 01:24:53,746 basehttp 4628 9264 "GET /favicon.ico HTTP/1.1" 404 2682
WARNING 2025-08-30 01:29:21,973 basehttp 4628 21204 "POST /api/auth/register/ HTTP/1.1" 400 107
WARNING 2025-08-30 01:29:29,577 basehttp 4628 21204 "GET /api/auth/register/ HTTP/1.1" 405 40
WARNING 2025-08-30 01:30:01,466 basehttp 4628 21204 "GET /api/patients/ HTTP/1.1" 401 58
WARNING 2025-08-30 01:39:36,793 basehttp 4628 23756 "POST /api/patients/ HTTP/1.1" 401 58
INFO 2025-08-30 01:40:21,339 basehttp 4628 22020 "OPTIONS /api/auth/login/ HTTP/1.1" 200 0
INFO 2025-08-30 01:40:23,243 basehttp 4628 22020 "OPTIONS /api/auth/login/ HTTP/1.1" 200 0
INFO 2025-08-30 01:40:23,476 basehttp 4628 22020 "OPTIONS /api/auth/login/ HTTP/1.1" 200 0
INFO 2025-08-30 01:40:23,644 basehttp 4628 22020 "OPTIONS /api/auth/login/ HTTP/1.1" 200 0
INFO 2025-08-30 01:40:23,817 basehttp 4628 22020 "OPTIONS /api/auth/login/ HTTP/1.1" 200 0
INFO 2025-08-30 01:40:23,960 basehttp 4628 22020 "OPTIONS /api/auth/login/ HTTP/1.1" 200 0
INFO 2025-08-30 01:40:24,119 basehttp 4628 22020 "OPTIONS /api/auth/login/ HTTP/1.1" 200 0
INFO 2025-08-30 01:40:24,276 basehttp 4628 22020 "OPTIONS /api/auth/login/ HTTP/1.1" 200 0
INFO 2025-08-30 01:40:24,475 basehttp 4628 22020 "OPTIONS /api/auth/login/ HTTP/1.1" 200 0
INFO 2025-08-30 01:40:24,695 basehttp 4628 22020 "OPTIONS /api/auth/login/ HTTP/1.1" 200 0
INFO 2025-08-30 01:40:25,708 basehttp 4628 22020 "OPTIONS /api/auth/login/ HTTP/1.1" 200 0
INFO 2025-08-30 01:40:25,906 basehttp 4628 22020 "OPTIONS /api/auth/login/ HTTP/1.1" 200 0
INFO 2025-08-30 01:40:26,079 basehttp 4628 22020 "OPTIONS /api/auth/login/ HTTP/1.1" 200 0
INFO 2025-08-30 01:40:33,183 basehttp 4628 22020 "OPTIONS /api/auth/login/ HTTP/1.1" 200 0
INFO 2025-08-30 01:40:48,680 basehttp 4628 22020 "OPTIONS /api/auth/register/ HTTP/1.1" 200 0
INFO 2025-08-30 01:40:50,101 basehttp 4628 22020 "OPTIONS /api/auth/register/ HTTP/1.1" 200 0
INFO 2025-08-30 01:40:50,268 basehttp 4628 22020 "OPTIONS /api/auth/register/ HTTP/1.1" 200 0
INFO 2025-08-30 01:40:50,416 basehttp 4628 22020 "OPTIONS /api/auth/register/ HTTP/1.1" 200 0
INFO 2025-08-30 01:40:50,848 basehttp 4628 22020 "OPTIONS /api/auth/register/ HTTP/1.1" 200 0
INFO 2025-08-30 01:40:51,008 basehttp 4628 22020 "OPTIONS /api/auth/register/ HTTP/1.1" 200 0
INFO 2025-08-30 01:40:51,150 basehttp 4628 22020 "OPTIONS /api/auth/register/ HTTP/1.1" 200 0
INFO 2025-08-30 01:40:52,786 basehttp 4628 22020 "OPTIONS /api/auth/register/ HTTP/1.1" 200 0
INFO 2025-08-30 01:40:52,946 basehttp 4628 22020 "OPTIONS /api/auth/register/ HTTP/1.1" 200 0
INFO 2025-08-30 01:40:53,097 basehttp 4628 22020 "OPTIONS /api/auth/register/ HTTP/1.1" 200 0
INFO 2025-08-30 01:40:53,225 basehttp 4628 22020 "OPTIONS /api/auth/register/ HTTP/1.1" 200 0
INFO 2025-08-30 01:40:54,680 basehttp 4628 22020 "OPTIONS /api/auth/register/ HTTP/1.1" 200 0
INFO 2025-08-30 01:41:08,928 basehttp 4628 22020 "OPTIONS /api/auth/register/ HTTP/1.1" 200 0
INFO 2025-08-30 01:41:09,096 basehttp 4628 22020 "OPTIONS /api/auth/register/ HTTP/1.1" 200 0
INFO 2025-08-30 01:41:09,233 basehttp 4628 22020 "OPTIONS /api/auth/register/ HTTP/1.1" 200 0
INFO 2025-08-30 01:41:09,383 basehttp 4628 22020 "OPTIONS /api/auth/register/ HTTP/1.1" 200 0
INFO 2025-08-30 01:41:09,546 basehttp 4628 22020 "OPTIONS /api/auth/register/ HTTP/1.1" 200 0
INFO 2025-08-30 01:41:09,677 basehttp 4628 22020 "OPTIONS /api/auth/register/ HTTP/1.1" 200 0
INFO 2025-08-30 01:41:09,840 basehttp 4628 22020 "OPTIONS /api/auth/register/ HTTP/1.1" 200 0
INFO 2025-08-30 01:41:09,986 basehttp 4628 22020 "OPTIONS /api/auth/register/ HTTP/1.1" 200 0
INFO 2025-08-30 01:41:13,013 basehttp 4628 22020 "OPTIONS /api/auth/register/ HTTP/1.1" 200 0
INFO 2025-08-30 01:41:13,186 basehttp 4628 22020 "OPTIONS /api/auth/register/ HTTP/1.1" 200 0
WARNING 2025-08-30 01:42:54,464 basehttp 4628 1060 "POST /api/patients/ HTTP/1.1" 401 58
WARNING 2025-08-30 01:42:55,911 basehttp 4628 1060 "POST /api/patients/ HTTP/1.1" 401 58
WARNING 2025-08-30 01:43:10,140 basehttp 4628 1060 "POST /api/auth/login/ HTTP/1.1" 400 68
WARNING 2025-08-30 01:43:38,258 basehttp 4628 1060 "POST /api/auth/login/ HTTP/1.1" 400 37
WARNING 2025-08-30 01:43:50,333 basehttp 4628 1060 "POST /api/auth/login/ HTTP/1.1" 400 108
WARNING 2025-08-30 01:43:52,309 basehttp 4628 1060 "POST /api/auth/login/ HTTP/1.1" 400 68
WARNING 2025-08-30 01:43:59,836 basehttp 4628 1060 "POST /api/auth/login/ HTTP/1.1" 400 68
INFO 2025-08-30 01:44:22,931 basehttp 4628 5144 "GET / HTTP/1.1" 200 1662
WARNING 2025-08-30 01:44:28,200 basehttp 4628 5144 "GET /api/auth/login/ HTTP/1.1" 405 40
WARNING 2025-08-30 01:44:49,817 basehttp 4628 1060 "POST /api/auth/login/ HTTP/1.1" 400 37
INFO 2025-08-30 01:46:43,858 basehttp 4628 5144 "GET /admin/login/ HTTP/1.1" 302 0
INFO 2025-08-30 01:46:44,028 basehttp 4628 5144 "GET /admin/ HTTP/1.1" 200 11039
INFO 2025-08-30 01:46:44,197 basehttp 4628 24000 "GET /static/admin/css/dark_mode.css HTTP/1.1" 200 2929
INFO 2025-08-30 01:46:44,198 basehttp 4628 5144 "GET /static/admin/css/base.css HTTP/1.1" 200 21207
INFO 2025-08-30 01:46:44,215 basehttp 4628 21948 "GET /static/admin/css/dashboard.css HTTP/1.1" 200 441
INFO 2025-08-30 01:46:44,217 basehttp 4628 5144 "GET /static/admin/js/nav_sidebar.js HTTP/1.1" 200 3063
INFO 2025-08-30 01:46:44,229 basehttp 4628 24052 "GET /static/admin/css/nav_sidebar.css HTTP/1.1" 200 2694
INFO 2025-08-30 01:46:44,230 basehttp 4628 12272 "GET /static/admin/css/responsive.css HTTP/1.1" 200 18533
INFO 2025-08-30 01:46:44,245 basehttp 4628 15240 "GET /static/admin/js/theme.js HTTP/1.1" 200 1943
INFO 2025-08-30 01:46:44,247 basehttp 4628 12272 "GET /static/admin/img/icon-addlink.svg HTTP/1.1" 200 331
INFO 2025-08-30 01:46:44,247 basehttp 4628 24052 "GET /static/admin/img/icon-changelink.svg HTTP/1.1" 200 380
INFO 2025-08-30 01:46:46,782 basehttp 4628 24052 "GET / HTTP/1.1" 200 1662
INFO 2025-08-30 01:46:47,821 basehttp 4628 24052 "GET /admin/login/ HTTP/1.1" 302 0
INFO 2025-08-30 01:46:47,886 basehttp 4628 24052 "GET /admin/ HTTP/1.1" 200 11039
INFO 2025-08-30 01:46:53,081 basehttp 4628 24052 "GET /admin/accounts/user/2/change/ HTTP/1.1" 200 24725
INFO 2025-08-30 01:46:53,113 basehttp 4628 24052 "GET /static/admin/css/forms.css HTTP/1.1" 200 9047
INFO 2025-08-30 01:46:53,128 basehttp 4628 21948 "GET /static/admin/js/jquery.init.js HTTP/1.1" 200 347
INFO 2025-08-30 01:46:53,137 basehttp 4628 24000 "GET /static/admin/js/admin/DateTimeShortcuts.js HTTP/1.1" 200 19319
INFO 2025-08-30 01:46:53,137 basehttp 4628 5144 "GET /static/admin/js/calendar.js HTTP/1.1" 200 8466
INFO 2025-08-30 01:46:53,144 basehttp 4628 24052 "GET /static/admin/js/core.js HTTP/1.1" 200 5682
INFO 2025-08-30 01:46:53,148 basehttp 4628 21948 "GET /static/admin/css/widgets.css HTTP/1.1" 200 11900
INFO 2025-08-30 01:46:53,167 basehttp 4628 24000 "GET /static/admin/js/SelectBox.js HTTP/1.1" 200 4530
INFO 2025-08-30 01:46:53,170 basehttp 4628 5144 "GET /static/admin/js/admin/RelatedObjectLookups.js HTTP/1.1" 200 8943
INFO 2025-08-30 01:46:53,173 basehttp 4628 21948 "GET /static/admin/js/SelectFilter2.js HTTP/1.1" 200 15292
INFO 2025-08-30 01:46:53,173 basehttp 4628 24052 "GET /static/admin/js/actions.js HTTP/1.1" 200 7872
INFO 2025-08-30 01:46:53,178 basehttp 4628 12272 "GET /admin/jsi18n/ HTTP/1.1" 200 3343
INFO 2025-08-30 01:46:53,180 basehttp 4628 15240 "GET /static/admin/js/vendor/jquery/jquery.js HTTP/1.1" 200 292458
INFO 2025-08-30 01:46:53,190 basehttp 4628 24000 "GET /static/admin/js/urlify.js HTTP/1.1" 200 7887
INFO 2025-08-30 01:46:53,194 basehttp 4628 5144 "GET /static/admin/js/prepopulate.js HTTP/1.1" 200 1531
INFO 2025-08-30 01:46:53,197 basehttp 4628 21948 "GET /static/admin/js/prepopulate_init.js HTTP/1.1" 200 586
INFO 2025-08-30 01:46:53,212 basehttp 4628 21948 "GET /static/admin/js/change_form.js HTTP/1.1" 200 606
INFO 2025-08-30 01:46:53,236 basehttp 4628 24052 "GET /static/admin/js/vendor/xregexp/xregexp.js HTTP/1.1" 200 232381
INFO 2025-08-30 01:46:53,343 basehttp 4628 5144 "GET /static/admin/img/selector-icons.svg HTTP/1.1" 200 3291
INFO 2025-08-30 01:46:53,344 basehttp 4628 15240 "GET /static/admin/img/icon-calendar.svg HTTP/1.1" 200 1086
INFO 2025-08-30 01:46:53,344 basehttp 4628 21948 "GET /static/admin/img/search.svg HTTP/1.1" 200 458
INFO 2025-08-30 01:46:53,344 basehttp 4628 24000 "GET /static/admin/img/icon-unknown-alt.svg HTTP/1.1" 200 655
INFO 2025-08-30 01:46:53,345 basehttp 4628 12272 "GET /static/admin/img/icon-clock.svg HTTP/1.1" 200 677
INFO 2025-08-30 01:46:53,345 basehttp 4628 24052 "GET /static/admin/img/icon-unknown.svg HTTP/1.1" 200 655
INFO 2025-08-30 01:46:55,509 basehttp 4628 12272 "GET /admin/accounts/user/2/history/ HTTP/1.1" 200 9114
INFO 2025-08-30 01:46:59,439 basehttp 4628 12272 "GET /admin/accounts/user/ HTTP/1.1" 200 14143
INFO 2025-08-30 01:46:59,473 basehttp 4628 24000 "GET /static/admin/img/icon-yes.svg HTTP/1.1" 200 436
INFO 2025-08-30 01:46:59,475 basehttp 4628 21948 "GET /static/admin/img/icon-no.svg HTTP/1.1" 200 560
INFO 2025-08-30 01:46:59,489 basehttp 4628 12272 "GET /static/admin/css/changelists.css HTTP/1.1" 200 6566
INFO 2025-08-30 01:46:59,507 basehttp 4628 24052 "GET /admin/jsi18n/ HTTP/1.1" 200 3343
INFO 2025-08-30 01:46:59,507 basehttp 4628 12272 "GET /static/admin/js/filters.js HTTP/1.1" 200 978
INFO 2025-08-30 01:46:59,532 basehttp 4628 24052 "GET /static/admin/img/tooltag-add.svg HTTP/1.1" 200 331
INFO 2025-08-30 01:46:59,533 basehttp 4628 12272 "GET /static/admin/img/sorting-icons.svg HTTP/1.1" 200 1097
INFO 2025-08-30 01:47:04,259 basehttp 4628 12272 "GET /admin/patients/patient/ HTTP/1.1" 200 13961
INFO 2025-08-30 01:47:04,322 basehttp 4628 12272 "GET /admin/jsi18n/ HTTP/1.1" 200 3343
INFO 2025-08-30 01:47:05,468 basehttp 4628 12272 "GET /admin/mappings/patientdoctormapping/ HTTP/1.1" 200 14710
INFO 2025-08-30 01:47:05,531 basehttp 4628 12272 "GET /admin/jsi18n/ HTTP/1.1" 200 3343
INFO 2025-08-30 01:54:42,484 basehttp 4628 16020 "GET /admin/accounts/user/ HTTP/1.1" 200 14143
INFO 2025-08-30 01:54:42,552 basehttp 4628 16020 "GET /admin/jsi18n/ HTTP/1.1" 200 3343
INFO 2025-08-30 01:59:32,830 autoreload 23940 12556 Watching for file changes with StatReloader
INFO 2025-08-30 01:59:35,085 basehttp 23940 5700 "GET / HTTP/1.1" 200 1662
INFO 2025-08-30 01:59:36,940 basehttp 23940 12000 "OPTIONS /api/auth/login/ HTTP/1.1" 200 0
INFO 2025-08-30 01:59:46,167 basehttp 23940 12000 "OPTIONS /api/auth/login/ HTTP/1.1" 200 0
INFO 2025-08-30 01:59:50,094 basehttp 23940 12000 "OPTIONS /api/auth/login/ HTTP/1.1" 200 0
INFO 2025-08-30 01:59:50,855 basehttp 23940 12000 "OPTIONS /api/auth/login/ HTTP/1.1" 200 0
INFO 2025-08-30 01:59:51,029 basehttp 23940 12000 "OPTIONS /api/auth/login/ HTTP/1.1" 200 0
INFO 2025-08-30 01:59:51,189 basehttp 23940 12000 "OPTIONS /api/auth/login/ HTTP/1.1" 200 0
INFO 2025-08-30 01:59:51,339 basehttp 23940 12000 "OPTIONS /api/auth/login/ HTTP/1.1" 200 0
INFO 2025-08-30 01:59:51,480 basehttp 23940 12000 "OPTIONS /api/auth/login/ HTTP/1.1" 200 0
WARNING 2025-08-30 02:00:05,853 basehttp 23940 24152 "GET /api/auth/login/ HTTP/1.1" 405 40
WARNING 2025-08-30 02:00:15,078 basehttp 23940 24152 "POST /api/auth/login/ HTTP/1.1" 400 37
WARNING 2025-08-30 02:00:40,949 basehttp 23940 24152 "POST /api/auth/login/ HTTP/1.1" 400 68
WARNING 2025-08-30 02:02:12,255 basehttp 23940 23504 "POST /api/auth/register/ HTTP/1.1" 400 36
WARNING 2025-08-30 02:02:49,102 basehttp 23940 23504 "POST /api/auth/register/ HTTP/1.1" 400 40
INFO 2025-08-30 02:03:18,539 basehttp 23940 23504 "POST /api/auth/register/ HTTP/1.1" 201 704
WARNING 2025-08-30 02:04:22,747 basehttp 23940 1848 "POST /api/auth/login/%0A HTTP/1.1" 404 3487
INFO 2025-08-30 02:05:00,330 basehttp 23940 17704 "OPTIONS /api/auth/login/ HTTP/1.1" 200 0
WARNING 2025-08-30 02:05:21,742 basehttp 23940 19496 "GET /api/auth/login/ HTTP/1.1" 405 40
WARNING 2025-08-30 02:06:49,423 basehttp 23940 4564 "POST /api/auth/login/ HTTP/1.1" 400 37
WARNING 2025-08-30 02:07:13,314 basehttp 23940 4564 "POST /api/auth/login/ HTTP/1.1" 400 68
WARNING 2025-08-30 02:10:10,707 basehttp 23940 23400 "POST /api/auth/login/ HTTP/1.1" 400 37
WARNING 2025-08-30 02:10:11,179 basehttp 23940 23400 "POST /api/auth/login/ HTTP/1.1" 400 37
INFO 2025-08-30 02:11:07,023 basehttp 23940 14180 "GET /admin/login/ HTTP/1.1" 302 0
INFO 2025-08-30 02:11:07,095 basehttp 23940 14180 "GET /admin/ HTTP/1.1" 200 11039
INFO 2025-08-30 02:11:07,112 basehttp 23940 14180 "GET /static/admin/css/base.css HTTP/1.1" 304 0
INFO 2025-08-30 02:11:07,119 basehttp 23940 14180 "GET /static/admin/css/dark_mode.css HTTP/1.1" 304 0
INFO 2025-08-30 02:11:07,119 basehttp 23940 16840 "GET /static/admin/css/dashboard.css HTTP/1.1" 304 0
INFO 2025-08-30 02:11:07,120 basehttp 23940 23284 "GET /static/admin/css/nav_sidebar.css HTTP/1.1" 304 0
INFO 2025-08-30 02:11:07,121 basehttp 23940 22880 "GET /static/admin/css/responsive.css HTTP/1.1" 304 0
INFO 2025-08-30 02:11:07,339 basehttp 23940 23284 "GET /static/admin/js/nav_sidebar.js HTTP/1.1" 304 0
INFO 2025-08-30 02:11:07,339 basehttp 23940 22880 "GET /static/admin/js/theme.js HTTP/1.1" 304 0
INFO 2025-08-30 02:11:07,356 basehttp 23940 22880 "GET /static/admin/img/icon-addlink.svg HTTP/1.1" 304 0
INFO 2025-08-30 02:11:07,356 basehttp 23940 23284 "GET /static/admin/img/icon-changelink.svg HTTP/1.1" 304 0
INFO 2025-08-30 02:12:04,427 basehttp 23940 23284 "GET /admin/login/ HTTP/1.1" 302 0
INFO 2025-08-30 02:12:04,483 basehttp 23940 23284 "GET /admin/ HTTP/1.1" 200 11039
INFO 2025-08-30 02:12:07,120 basehttp 23940 23284 "GET /admin/login/ HTTP/1.1" 302 0
INFO 2025-08-30 02:12:07,177 basehttp 23940 23284 "GET /admin/ HTTP/1.1" 200 11039
INFO 2025-08-30 02:12:09,591 basehttp 23940 23284 "GET /admin/login/ HTTP/1.1" 302 0
INFO 2025-08-30 02:12:09,646 basehttp 23940 23284 "GET /admin/ HTTP/1.1" 200 11039
WARNING 2025-08-30 02:12:18,624 basehttp 23940 23284 "GET /api/ HTTP/1.1" 404 2661
WARNING 2025-08-30 02:12:25,734 basehttp 23940 23284 "GET /api/auth/ HTTP/1.1" 404 3463
INFO 2025-08-30 02:12:28,864 basehttp 23940 23284 "GET /admin/ HTTP/1.1" 200 11039
WARNING 2025-08-30 02:13:54,039 basehttp 23940 23284 "GET /api/auth/login/ HTTP/1.1" 405 40
WARNING 2025-08-30 02:15:16,096 basehttp 23940 22640 "POST /api/auth/login/ HTTP/1.1" 401 183
WARNING 2025-08-30 02:15:23,562 basehttp 23940 22640 "POST /api/auth/login/ HTTP/1.1" 400 37
WARNING 2025-08-30 02:15:40,691 basehttp 23940 22640 "POST /api/auth/login/ HTTP/1.1" 400 37
WARNING 2025-08-30 02:16:23,149 basehttp 23940 22640 "POST /api/auth/login/ HTTP/1.1" 400 68
INFO 2025-08-30 14:12:27,899 autoreload 10992 16052 Watching for file changes with StatReloader
INFO 2025-08-30 14:12:32,714 basehttp 10992 19316 "GET / HTTP/1.1" 200 1662
WARNING 2025-08-30 14:12:34,733 basehttp 10992 19316 "GET /favicon.ico HTTP/1.1" 404 2682
INFO 2025-08-30 14:12:35,348 basehttp 10992 19316 "GET /admin/login/ HTTP/1.1" 302 0
INFO 2025-08-30 14:12:35,654 basehttp 10992 19316 "GET /admin/ HTTP/1.1" 200 11039
INFO 2025-08-30 14:12:35,688 basehttp 10992 19316 "GET /static/admin/css/base.css HTTP/1.1" 304 0
INFO 2025-08-30 14:12:35,701 basehttp 10992 19316 "GET /static/admin/css/dark_mode.css HTTP/1.1" 304 0
INFO 2025-08-30 14:12:35,701 basehttp 10992 20560 "GET /static/admin/css/dashboard.css HTTP/1.1" 304 0
INFO 2025-08-30 14:12:35,702 basehttp 10992 19328 "GET /static/admin/css/nav_sidebar.css HTTP/1.1" 304 0
INFO 2025-08-30 14:12:35,703 basehttp 10992 20564 "GET /static/admin/css/responsive.css HTTP/1.1" 304 0
INFO 2025-08-30 14:12:35,735 basehttp 10992 20564 "GET /static/admin/js/theme.js HTTP/1.1" 304 0
INFO 2025-08-30 14:12:35,737 basehttp 10992 19328 "GET /static/admin/js/nav_sidebar.js HTTP/1.1" 304 0
INFO 2025-08-30 14:12:35,746 basehttp 10992 19328 "GET /static/admin/img/icon-addlink.svg HTTP/1.1" 304 0
INFO 2025-08-30 14:12:35,746 basehttp 10992 20564 "GET /static/admin/img/icon-changelink.svg HTTP/1.1" 304 0
INFO 2025-08-30 14:13:38,956 basehttp 10992 14068 "OPTIONS /api/auth/login/ HTTP/1.1" 200 0
WARNING 2025-08-30 14:13:53,871 basehttp 10992 16736 "POST /api/auth/login/ HTTP/1.1" 400 68
WARNING 2025-08-30 14:15:16,606 basehttp 10992 19416 "GET /api/auth/login/ HTTP/1.1" 405 40
WARNING 2025-08-30 14:15:55,197 basehttp 10992 19416 "GET /api/token/ HTTP/1.1" 404 2679
INFO 2025-08-30 14:17:19,878 basehttp 10992 8896 "OPTIONS /api/auth/register/ HTTP/1.1" 200 0
INFO 2025-08-30 14:17:28,864 basehttp 10992 8896 "OPTIONS /api/auth/register/ HTTP/1.1" 200 0
INFO 2025-08-30 14:17:29,530 basehttp 10992 8896 "OPTIONS /api/auth/register/ HTTP/1.1" 200 0
INFO 2025-08-30 14:17:29,668 basehttp 10992 8896 "OPTIONS /api/auth/register/ HTTP/1.1" 200 0
INFO 2025-08-30 14:17:31,362 basehttp 10992 8896 "OPTIONS /api/auth/register/ HTTP/1.1" 200 0
INFO 2025-08-30 14:17:31,850 basehttp 10992 8896 "OPTIONS /api/auth/register/ HTTP/1.1" 200 0
INFO 2025-08-30 14:17:32,241 basehttp 10992 8896 "OPTIONS /api/auth/register/ HTTP/1.1" 200 0
INFO 2025-08-30 14:22:15,935 autoreload 10992 16052 D:\healthcare-backend\healthcare_backend\urls.py changed, reloading.
INFO 2025-08-30 14:22:17,490 autoreload 7044 16448 Watching for file changes with StatReloader
INFO 2025-08-30 14:22:28,497 autoreload 7044 16448 D:\healthcare-backend\healthcare_backend\urls.py changed, reloading.
INFO 2025-08-30 14:22:29,848 autoreload 12888 18524 Watching for file changes with StatReloader
INFO 2025-08-30 14:22:47,102 autoreload 12888 18524 D:\healthcare-backend\healthcare_backend\urls.py changed, reloading.
INFO 2025-08-30 14:22:48,454 autoreload 14404 20908 Watching for file changes with StatReloader
INFO 2025-08-30 14:23:48,304 autoreload 14404 20908 D:\healthcare-backend\healthcare_backend\urls.py changed, reloading.
INFO 2025-08-30 14:23:49,691 autoreload 11004 14860 Watching for file changes with StatReloader
INFO 2025-08-30 14:23:57,348 autoreload 11004 14860 D:\healthcare-backend\healthcare_backend\urls.py changed, reloading.
INFO 2025-08-30 14:23:58,703 autoreload 11908 5552 Watching for file changes with StatReloader
INFO 2025-08-30 14:24:00,700 autoreload 11908 5552 D:\healthcare-backend\healthcare_backend\urls.py changed, reloading.
INFO 2025-08-30 14:24:02,155 autoreload 6288 15168 Watching for file changes with StatReloader
INFO 2025-08-30 14:25:32,415 basehttp 6288 15780 "GET / HTTP/1.1" 200 1662
INFO 2025-08-30 14:25:34,520 basehttp 6288 15780 "GET /admin/login/ HTTP/1.1" 302 0
INFO 2025-08-30 14:25:34,723 basehttp 6288 15780 "GET /admin/ HTTP/1.1" 200 11039
INFO 2025-08-30 15:55:01,573 basehttp 6288 16184 "GET /admin/accounts/user/ HTTP/1.1" 200 14667
INFO 2025-08-30 15:55:01,603 basehttp 6288 16184 "GET /static/admin/css/base.css HTTP/1.1" 304 0
INFO 2025-08-30 15:55:01,617 basehttp 6288 16184 "GET /static/admin/css/dark_mode.css HTTP/1.1" 304 0
INFO 2025-08-30 15:55:01,627 basehttp 6288 10648 "GET /static/admin/css/nav_sidebar.css HTTP/1.1" 304 0
INFO 2025-08-30 15:55:01,628 basehttp 6288 3012 "GET /static/admin/css/changelists.css HTTP/1.1" 304 0
INFO 2025-08-30 15:55:01,629 basehttp 6288 22512 "GET /static/admin/css/responsive.css HTTP/1.1" 304 0
INFO 2025-08-30 15:55:01,630 basehttp 6288 16184 "GET /static/admin/js/jquery.init.js HTTP/1.1" 304 0
INFO 2025-08-30 15:55:01,634 basehttp 6288 3808 "GET /static/admin/js/vendor/jquery/jquery.js HTTP/1.1" 304 0
INFO 2025-08-30 15:55:01,634 basehttp 6288 10648 "GET /static/admin/js/core.js HTTP/1.1" 304 0
INFO 2025-08-30 15:55:01,636 basehttp 6288 3012 "GET /static/admin/js/admin/RelatedObjectLookups.js HTTP/1.1" 304 0
INFO 2025-08-30 15:55:01,656 basehttp 6288 3808 "GET /static/admin/js/prepopulate.js HTTP/1.1" 304 0
INFO 2025-08-30 15:55:01,646 basehttp 6288 16184 "GET /static/admin/js/urlify.js HTTP/1.1" 304 0
INFO 2025-08-30 15:55:01,656 basehttp 6288 10648 "GET /static/admin/js/vendor/xregexp/xregexp.js HTTP/1.1" 304 0
INFO 2025-08-30 15:55:01,641 basehttp 6288 22512 "GET /static/admin/js/actions.js HTTP/1.1" 304 0
INFO 2025-08-30 15:55:01,663 basehttp 6288 22512 "GET /static/admin/img/search.svg HTTP/1.1" 304 0
INFO 2025-08-30 15:55:01,664 basehttp 6288 16184 "GET /static/admin/img/icon-no.svg HTTP/1.1" 304 0
INFO 2025-08-30 15:55:01,714 basehttp 6288 21944 "GET /admin/jsi18n/ HTTP/1.1" 200 3343
INFO 2025-08-30 15:55:02,015 basehttp 6288 21944 "GET /static/admin/img/icon-yes.svg HTTP/1.1" 304 0
INFO 2025-08-30 15:55:02,033 basehttp 6288 21944 "GET /static/admin/js/theme.js HTTP/1.1" 304 0
INFO 2025-08-30 15:55:02,067 basehttp 6288 21944 "GET /static/admin/js/nav_sidebar.js HTTP/1.1" 304 0
INFO 2025-08-30 15:55:02,067 basehttp 6288 16184 "GET /static/admin/js/filters.js HTTP/1.1" 304 0
INFO 2025-08-30 15:55:02,078 basehttp 6288 21944 "GET /static/admin/img/tooltag-add.svg HTTP/1.1" 304 0
INFO 2025-08-30 15:55:02,078 basehttp 6288 16184 "GET /static/admin/img/icon-addlink.svg HTTP/1.1" 304 0
INFO 2025-08-30 15:55:02,078 basehttp 6288 22512 "GET /static/admin/img/sorting-icons.svg HTTP/1.1" 304 0
INFO 2025-08-30 15:56:04,375 basehttp 6288 22512 "GET /admin/ HTTP/1.1" 200 11039
INFO 2025-08-30 15:56:04,405 basehttp 6288 22512 "GET /static/admin/css/dashboard.css HTTP/1.1" 304 0
INFO 2025-08-30 15:56:04,764 basehttp 6288 22512 "GET /static/admin/img/icon-changelink.svg HTTP/1.1" 304 0
INFO 2025-08-30 15:56:08,476 basehttp 6288 22512 "GET / HTTP/1.1" 200 1662
INFO 2025-08-30 15:56:09,695 basehttp 6288 22512 "GET /admin/login/ HTTP/1.1" 302 0
INFO 2025-08-30 15:56:09,778 basehttp 6288 22512 "GET /admin/ HTTP/1.1" 200 11039
INFO 2025-08-30 16:22:38,839 autoreload 12152 2624 Watching for file changes with StatReloader
INFO 2025-08-30 16:22:46,503 basehttp 12152 19848 "GET / HTTP/1.1" 200 1662
WARNING 2025-08-30 16:22:50,041 basehttp 12152 19848 "GET /favicon.ico HTTP/1.1" 404 2943
INFO 2025-08-30 16:22:52,393 basehttp 12152 19848 "GET /admin/login/ HTTP/1.1" 200 4165
INFO 2025-08-30 16:22:52,668 basehttp 12152 19848 "GET /static/admin/css/base.css HTTP/1.1" 200 21207
INFO 2025-08-30 16:22:52,676 basehttp 12152 19836 "GET /static/admin/css/dark_mode.css HTTP/1.1" 200 2929
INFO 2025-08-30 16:22:52,685 basehttp 12152 20832 "GET /static/admin/css/nav_sidebar.css HTTP/1.1" 200 2694
INFO 2025-08-30 16:22:52,689 basehttp 12152 6648 "GET /static/admin/css/login.css HTTP/1.1" 200 958
INFO 2025-08-30 16:22:52,691 basehttp 12152 7268 "GET /static/admin/css/responsive.css HTTP/1.1" 200 18533
INFO 2025-08-30 16:22:52,698 basehttp 12152 19848 "GET /static/admin/js/nav_sidebar.js HTTP/1.1" 200 3063
INFO 2025-08-30 16:22:52,708 basehttp 12152 19856 "GET /static/admin/js/theme.js HTTP/1.1" 200 1943
INFO 2025-08-30 16:23:02,669 basehttp 12152 19856 "POST /admin/login/ HTTP/1.1" 302 0
INFO 2025-08-30 16:23:02,770 basehttp 12152 19856 "GET /admin/ HTTP/1.1" 200 11039
INFO 2025-08-30 16:23:02,806 basehttp 12152 19856 "GET /static/admin/css/dashboard.css HTTP/1.1" 200 441
INFO 2025-08-30 16:23:02,905 basehttp 12152 19856 "GET /static/admin/img/icon-addlink.svg HTTP/1.1" 200 331
INFO 2025-08-30 16:23:02,905 basehttp 12152 19848 "GET /static/admin/img/icon-changelink.svg HTTP/1.1" 200 380
INFO 2025-08-30 16:24:36,626 basehttp 12152 8244 "GET /admin/ HTTP/1.1" 200 11039
INFO 2025-08-30 16:24:36,657 basehttp 12152 8244 "GET /static/admin/css/base.css HTTP/1.1" 200 21207
INFO 2025-08-30 16:24:36,666 basehttp 12152 18948 "GET /static/admin/css/dashboard.css HTTP/1.1" 200 441
INFO 2025-08-30 16:24:36,666 basehttp 12152 16532 "GET /static/admin/css/dark_mode.css HTTP/1.1" 200 2929
INFO 2025-08-30 16:24:36,666 basehttp 12152 18940 "GET /static/admin/css/nav_sidebar.css HTTP/1.1" 200 2694
INFO 2025-08-30 16:24:36,667 basehttp 12152 18952 "GET /static/admin/css/responsive.css HTTP/1.1" 200 18533
INFO 2025-08-30 16:24:36,906 basehttp 12152 18952 "GET /static/admin/js/theme.js HTTP/1.1" 200 1943
INFO 2025-08-30 16:24:36,907 basehttp 12152 16532 "GET /static/admin/js/nav_sidebar.js HTTP/1.1" 200 3063
INFO 2025-08-30 16:24:36,915 basehttp 12152 18952 "GET /static/admin/img/icon-addlink.svg HTTP/1.1" 200 331
INFO 2025-08-30 16:24:36,915 basehttp 12152 16532 "GET /static/admin/img/icon-changelink.svg HTTP/1.1" 200 380
WARNING 2025-08-30 16:24:37,459 basehttp 12152 16532 "GET /favicon.ico HTTP/1.1" 404 2943
INFO 2025-08-30 16:55:01,439 basehttp 12152 2968 "GET /admin/mappings/patientdoctormapping/ HTTP/1.1" 200 14710
INFO 2025-08-30 16:55:01,477 basehttp 12152 2968 "GET /static/admin/css/changelists.css HTTP/1.1" 200 6566
INFO 2025-08-30 16:55:01,485 basehttp 12152 10164 "GET /static/admin/js/jquery.init.js HTTP/1.1" 200 347
INFO 2025-08-30 16:55:01,493 basehttp 12152 22060 "GET /static/admin/js/core.js HTTP/1.1" 200 5682
INFO 2025-08-30 16:55:01,496 basehttp 12152 10584 "GET /static/admin/js/admin/RelatedObjectLookups.js HTTP/1.1" 200 8943
INFO 2025-08-30 16:55:01,508 basehttp 12152 2968 "GET /static/admin/js/actions.js HTTP/1.1" 200 7872
INFO 2025-08-30 16:55:01,509 basehttp 12152 10164 "GET /static/admin/js/urlify.js HTTP/1.1" 200 7887
INFO 2025-08-30 16:55:01,518 basehttp 12152 22060 "GET /static/admin/js/prepopulate.js HTTP/1.1" 200 1531
INFO 2025-08-30 16:55:01,524 basehttp 12152 2968 "GET /static/admin/img/search.svg HTTP/1.1" 200 458
INFO 2025-08-30 16:55:01,524 basehttp 12152 10164 "GET /static/admin/img/icon-yes.svg HTTP/1.1" 200 436
INFO 2025-08-30 16:55:01,527 basehttp 12152 14132 "GET /admin/jsi18n/ HTTP/1.1" 200 3343
INFO 2025-08-30 16:55:01,529 basehttp 12152 17096 "GET /static/admin/js/vendor/jquery/jquery.js HTTP/1.1" 200 292458
INFO 2025-08-30 16:55:01,558 basehttp 12152 10584 "GET /static/admin/js/vendor/xregexp/xregexp.js HTTP/1.1" 200 232381
INFO 2025-08-30 16:55:01,729 basehttp 12152 10584 "GET /static/admin/js/filters.js HTTP/1.1" 200 978
INFO 2025-08-30 16:55:01,734 basehttp 12152 17096 "GET /static/admin/img/tooltag-add.svg HTTP/1.1" 200 331
INFO 2025-08-30 16:55:01,736 basehttp 12152 14132 "GET /static/admin/img/sorting-icons.svg HTTP/1.1" 200 1097
INFO 2025-08-30 16:55:09,608 basehttp 12152 14132 "GET / HTTP/1.1" 200 1662
INFO 2025-08-30 16:55:10,856 basehttp 12152 14132 "GET /admin/login/ HTTP/1.1" 302 0
INFO 2025-08-30 16:55:10,909 basehttp 12152 14132 "GET /admin/ HTTP/1.1" 200 11039
INFO 2025-08-30 16:55:12,873 basehttp 12152 14132 "GET / HTTP/1.1" 200 1662
INFO 2025-08-30 17:15:34,814 autoreload 12152 2624 D:\healthcare-backend\patients\models.py changed, reloading.
INFO 2025-08-30 17:15:35,849 autoreload 11896 21732 Watching for file changes with StatReloader
INFO 2025-08-30 17:15:41,733 autoreload 11896 21732 D:\healthcare-backend\patients\models.py changed, reloading.
INFO 2025-08-30 17:15:42,555 autoreload 22072 12892 Watching for file changes with StatReloader
INFO 2025-08-30 17:15:55,831 autoreload 22072 12892 D:\healthcare-backend\patients\models.py changed, reloading.
INFO 2025-08-30 17:15:56,837 autoreload 22324 14300 Watching for file changes with StatReloader
INFO 2025-08-30 17:15:58,443 autoreload 22324 14300 D:\healthcare-backend\patients\models.py changed, reloading.
INFO 2025-08-30 17:15:59,430 autoreload 2236 18964 Watching for file changes with StatReloader
INFO 2025-08-30 17:16:04,954 autoreload 2236 18964 D:\healthcare-backend\patients\models.py changed, reloading.
INFO 2025-08-30 17:16:05,781 autoreload 17744 20628 Watching for file changes with StatReloader
INFO 2025-08-30 17:16:08,113 autoreload 17744 20628 D:\healthcare-backend\patients\models.py changed, reloading.
INFO 2025-08-30 17:16:09,022 autoreload 13768 21036 Watching for file changes with StatReloader
INFO 2025-08-30 17:16:14,435 autoreload 13768 21036 D:\healthcare-backend\patients\models.py changed, reloading.
INFO 2025-08-30 17:16:15,268 autoreload 22252 2868 Watching for file changes with StatReloader
INFO 2025-08-30 17:16:16,582 autoreload 22252 2868 D:\healthcare-backend\patients\models.py changed, reloading.
INFO 2025-08-30 17:16:17,456 autoreload 19408 21764 Watching for file changes with StatReloader
INFO 2025-08-30 17:16:22,883 autoreload 19408 21764 D:\healthcare-backend\patients\models.py changed, reloading.
INFO 2025-08-30 17:16:23,689 autoreload 948 19908 Watching for file changes with StatReloader
INFO 2025-08-30 17:16:28,084 autoreload 948 19908 D:\healthcare-backend\patients\models.py changed, reloading.
INFO 2025-08-30 17:16:28,984 autoreload 16048 18880 Watching for file changes with StatReloader
INFO 2025-08-30 17:16:31,331 autoreload 16048 18880 D:\healthcare-backend\patients\models.py changed, reloading.
INFO 2025-08-30 17:16:32,167 autoreload 6648 18392 Watching for file changes with StatReloader
INFO 2025-08-30 17:16:35,502 autoreload 6648 18392 D:\healthcare-backend\patients\models.py changed, reloading.
INFO 2025-08-30 17:16:36,374 autoreload 15172 21012 Watching for file changes with StatReloader
INFO 2025-08-30 17:16:37,679 autoreload 15172 21012 D:\healthcare-backend\patients\models.py changed, reloading.
INFO 2025-08-30 17:16:38,511 autoreload 9408 5804 Watching for file changes with StatReloader
INFO 2025-08-30 17:16:43,935 autoreload 9408 5804 D:\healthcare-backend\patients\models.py changed, reloading.
INFO 2025-08-30 17:16:44,713 autoreload 22264 6400 Watching for file changes with StatReloader
INFO 2025-08-30 17:17:05,536 autoreload 22264 6400 D:\healthcare-backend\patients\models.py changed, reloading.
INFO 2025-08-30 17:17:06,402 autoreload 12488 10612 Watching for file changes with StatReloader
INFO 2025-08-30 17:17:08,726 autoreload 12488 10612 D:\healthcare-backend\patients\models.py changed, reloading.
INFO 2025-08-30 17:17:09,470 autoreload 16360 21024 Watching for file changes with StatReloader
INFO 2025-08-30 17:17:14,895 autoreload 16360 21024 D:\healthcare-backend\patients\models.py changed, reloading.
INFO 2025-08-30 17:17:15,699 autoreload 17080 12656 Watching for file changes with StatReloader
INFO 2025-08-30 17:17:21,115 autoreload 17080 12656 D:\healthcare-backend\patients\models.py changed, reloading.
INFO 2025-08-30 17:17:21,955 autoreload 3036 19392 Watching for file changes with StatReloader
INFO 2025-08-30 17:17:23,271 autoreload 3036 19392 D:\healthcare-backend\patients\models.py changed, reloading.
INFO 2025-08-30 17:17:24,138 autoreload 14164 20916 Watching for file changes with StatReloader
INFO 2025-08-30 17:17:27,503 autoreload 14164 20916 D:\healthcare-backend\patients\models.py changed, reloading.
INFO 2025-08-30 17:17:28,357 autoreload 7220 7428 Watching for file changes with StatReloader
INFO 2025-08-30 17:17:30,722 autoreload 7220 7428 D:\healthcare-backend\patients\models.py changed, reloading.
INFO 2025-08-30 17:17:31,549 autoreload 2152 18740 Watching for file changes with StatReloader
INFO 2025-08-30 17:21:30,635 autoreload 2152 18740 D:\healthcare-backend\patients\models.py changed, reloading.
INFO 2025-08-30 17:21:31,349 autoreload 16756 8452 Watching for file changes with StatReloader
INFO 2025-08-30 17:21:45,051 autoreload 16756 8452 D:\healthcare-backend\patients\models.py changed, reloading.
INFO 2025-08-30 17:21:45,761 autoreload 19892 18952 Watching for file changes with StatReloader
INFO 2025-08-30 17:21:59,429 autoreload 19892 18952 D:\healthcare-backend\patients\models.py changed, reloading.
INFO 2025-08-30 17:22:00,289 autoreload 11328 17992 Watching for file changes with StatReloader
